2023-12-19 14:00:35,391 INFO [http-nio-8001-exec-4][HikariDataSource.java:110] - HikariPool-1 - Starting...
2023-12-19 14:00:35,391 INFO [http-nio-8001-exec-4][HikariDataSource.java:110] - HikariPool-1 - Starting...
2023-12-19 14:00:35,510 INFO [http-nio-8001-exec-4][HikariDataSource.java:123] - HikariPool-1 - Start completed.
2023-12-19 14:00:35,510 INFO [http-nio-8001-exec-4][HikariDataSource.java:123] - HikariPool-1 - Start completed.
2023-12-19 14:03:52,654 INFO [SpringApplicationShutdownHook][HikariDataSource.java:350] - HikariPool-1 - Shutdown initiated...
2023-12-19 14:03:52,654 INFO [SpringApplicationShutdownHook][HikariDataSource.java:350] - HikariPool-1 - Shutdown initiated...
2023-12-19 14:03:52,661 INFO [SpringApplicationShutdownHook][HikariDataSource.java:352] - HikariPool-1 - Shutdown completed.
2023-12-19 14:03:52,661 INFO [SpringApplicationShutdownHook][HikariDataSource.java:352] - HikariPool-1 - Shutdown completed.
2023-12-19 14:03:58,227 INFO [main][StartupInfoLogger.java:55] - Starting SystemApplication using Java 11.0.20 on zzadmin with PID 7368 (E:\workspace\java\MyNote\myNote-system\target\classes started by Administrator in E:\workspace\java\MyNote)
2023-12-19 14:03:58,227 INFO [main][StartupInfoLogger.java:55] - Starting SystemApplication using Java 11.0.20 on zzadmin with PID 7368 (E:\workspace\java\MyNote\myNote-system\target\classes started by Administrator in E:\workspace\java\MyNote)
2023-12-19 14:03:58,232 INFO [main][SpringApplication.java:646] - The following 1 profile is active: "dev"
2023-12-19 14:03:58,232 INFO [main][SpringApplication.java:646] - The following 1 profile is active: "dev"
2023-12-19 14:03:58,680 INFO [main][RepositoryConfigurationDelegate.java:262] - Multiple Spring Data modules found, entering strict repository configuration mode!
2023-12-19 14:03:58,680 INFO [main][RepositoryConfigurationDelegate.java:262] - Multiple Spring Data modules found, entering strict repository configuration mode!
2023-12-19 14:03:58,681 INFO [main][RepositoryConfigurationDelegate.java:132] - Bootstrapping Spring Data Redis repositories in DEFAULT mode.
2023-12-19 14:03:58,681 INFO [main][RepositoryConfigurationDelegate.java:132] - Bootstrapping Spring Data Redis repositories in DEFAULT mode.
2023-12-19 14:03:58,695 INFO [main][RepositoryConfigurationDelegate.java:201] - Finished Spring Data repository scanning in 5 ms. Found 0 Redis repository interfaces.
2023-12-19 14:03:58,695 INFO [main][RepositoryConfigurationDelegate.java:201] - Finished Spring Data repository scanning in 5 ms. Found 0 Redis repository interfaces.
2023-12-19 14:03:59,041 INFO [main][TomcatWebServer.java:108] - Tomcat initialized with port(s): 8001 (http)
2023-12-19 14:03:59,041 INFO [main][TomcatWebServer.java:108] - Tomcat initialized with port(s): 8001 (http)
2023-12-19 14:03:59,042 INFO [main][DirectJDKLog.java:173] - Loaded Apache Tomcat Native library [1.2.38] using APR version [1.7.4].
2023-12-19 14:03:59,042 INFO [main][DirectJDKLog.java:173] - Loaded Apache Tomcat Native library [1.2.38] using APR version [1.7.4].
2023-12-19 14:03:59,042 INFO [main][DirectJDKLog.java:173] - APR capabilities: IPv6 [true], sendfile [true], accept filters [false], random [true], UDS [true].
2023-12-19 14:03:59,042 INFO [main][DirectJDKLog.java:173] - APR capabilities: IPv6 [true], sendfile [true], accept filters [false], random [true], UDS [true].
2023-12-19 14:03:59,042 INFO [main][DirectJDKLog.java:173] - APR/OpenSSL configuration: useAprConnector [false], useOpenSSL [true]
2023-12-19 14:03:59,042 INFO [main][DirectJDKLog.java:173] - APR/OpenSSL configuration: useAprConnector [false], useOpenSSL [true]
2023-12-19 14:03:59,044 INFO [main][DirectJDKLog.java:173] - OpenSSL successfully initialized [OpenSSL 1.1.1v  1 Aug 2023]
2023-12-19 14:03:59,044 INFO [main][DirectJDKLog.java:173] - OpenSSL successfully initialized [OpenSSL 1.1.1v  1 Aug 2023]
2023-12-19 14:03:59,048 INFO [main][DirectJDKLog.java:173] - Initializing ProtocolHandler ["http-nio-8001"]
2023-12-19 14:03:59,048 INFO [main][DirectJDKLog.java:173] - Initializing ProtocolHandler ["http-nio-8001"]
2023-12-19 14:03:59,048 INFO [main][DirectJDKLog.java:173] - Starting service [Tomcat]
2023-12-19 14:03:59,048 INFO [main][DirectJDKLog.java:173] - Starting service [Tomcat]
2023-12-19 14:03:59,048 INFO [main][DirectJDKLog.java:173] - Starting Servlet engine: [Apache Tomcat/9.0.60]
2023-12-19 14:03:59,048 INFO [main][DirectJDKLog.java:173] - Starting Servlet engine: [Apache Tomcat/9.0.60]
2023-12-19 14:03:59,106 INFO [main][DirectJDKLog.java:173] - Initializing Spring embedded WebApplicationContext
2023-12-19 14:03:59,106 INFO [main][DirectJDKLog.java:173] - Initializing Spring embedded WebApplicationContext
2023-12-19 14:03:59,106 INFO [main][ServletWebServerApplicationContext.java:290] - Root WebApplicationContext: initialization completed in 854 ms
2023-12-19 14:03:59,106 INFO [main][ServletWebServerApplicationContext.java:290] - Root WebApplicationContext: initialization completed in 854 ms
2023-12-19 14:03:59,993 INFO [main][DirectJDKLog.java:173] - Starting ProtocolHandler ["http-nio-8001"]
2023-12-19 14:03:59,993 INFO [main][DirectJDKLog.java:173] - Starting ProtocolHandler ["http-nio-8001"]
2023-12-19 14:04:00,002 INFO [main][TomcatWebServer.java:220] - Tomcat started on port(s): 8001 (http) with context path ''
2023-12-19 14:04:00,002 INFO [main][TomcatWebServer.java:220] - Tomcat started on port(s): 8001 (http) with context path ''
2023-12-19 14:04:00,147 INFO [main][StartupInfoLogger.java:61] - Started SystemApplication in 2.16 seconds (JVM running for 2.641)
2023-12-19 14:04:00,147 INFO [main][StartupInfoLogger.java:61] - Started SystemApplication in 2.16 seconds (JVM running for 2.641)
2023-12-19 14:04:00,150 INFO [main][SystemApplication.java:34] - 
----------------------------------------------------------
	Application MyNote-system is running! Access URLs:
	local: 	http://localhost:8001/doc.html
	Swagger文档: 	http://192.168.0.147:8001/doc.html
----------------------------------------------------------
2023-12-19 14:04:00,150 INFO [main][SystemApplication.java:34] - 
----------------------------------------------------------
	Application MyNote-system is running! Access URLs:
	local: 	http://localhost:8001/doc.html
	Swagger文档: 	http://192.168.0.147:8001/doc.html
----------------------------------------------------------
2023-12-19 14:04:06,635 INFO [http-nio-8001-exec-1][DirectJDKLog.java:173] - Initializing Spring DispatcherServlet 'dispatcherServlet'
2023-12-19 14:04:06,635 INFO [http-nio-8001-exec-1][DirectJDKLog.java:173] - Initializing Spring DispatcherServlet 'dispatcherServlet'
2023-12-19 14:04:06,636 INFO [http-nio-8001-exec-1][FrameworkServlet.java:525] - Initializing Servlet 'dispatcherServlet'
2023-12-19 14:04:06,636 INFO [http-nio-8001-exec-1][FrameworkServlet.java:525] - Initializing Servlet 'dispatcherServlet'
2023-12-19 14:04:06,637 INFO [http-nio-8001-exec-1][FrameworkServlet.java:547] - Completed initialization in 1 ms
2023-12-19 14:04:06,637 INFO [http-nio-8001-exec-1][FrameworkServlet.java:547] - Completed initialization in 1 ms
2023-12-19 14:04:06,747 WARN [http-nio-8001-exec-1][DirectJDKLog.java:173] - Creation of SecureRandom instance for session ID generation using [SHA1PRNG] took [104] milliseconds.
2023-12-19 14:04:06,747 WARN [http-nio-8001-exec-1][DirectJDKLog.java:173] - Creation of SecureRandom instance for session ID generation using [SHA1PRNG] took [104] milliseconds.
2023-12-19 14:04:32,851 INFO [http-nio-8001-exec-4][HikariDataSource.java:110] - HikariPool-1 - Starting...
2023-12-19 14:04:32,851 INFO [http-nio-8001-exec-4][HikariDataSource.java:110] - HikariPool-1 - Starting...
2023-12-19 14:04:32,970 INFO [http-nio-8001-exec-4][HikariDataSource.java:123] - HikariPool-1 - Start completed.
2023-12-19 14:04:32,970 INFO [http-nio-8001-exec-4][HikariDataSource.java:123] - HikariPool-1 - Start completed.
2023-12-19 14:05:49,699 INFO [SpringApplicationShutdownHook][HikariDataSource.java:350] - HikariPool-1 - Shutdown initiated...
2023-12-19 14:05:49,699 INFO [SpringApplicationShutdownHook][HikariDataSource.java:350] - HikariPool-1 - Shutdown initiated...
2023-12-19 14:05:49,706 INFO [SpringApplicationShutdownHook][HikariDataSource.java:352] - HikariPool-1 - Shutdown completed.
2023-12-19 14:05:49,706 INFO [SpringApplicationShutdownHook][HikariDataSource.java:352] - HikariPool-1 - Shutdown completed.
2023-12-19 14:06:24,339 INFO [main][StartupInfoLogger.java:55] - Starting SystemApplication using Java 11.0.20 on zzadmin with PID 14024 (E:\workspace\java\MyNote\myNote-system\target\classes started by Administrator in E:\workspace\java\MyNote)
2023-12-19 14:06:24,339 INFO [main][StartupInfoLogger.java:55] - Starting SystemApplication using Java 11.0.20 on zzadmin with PID 14024 (E:\workspace\java\MyNote\myNote-system\target\classes started by Administrator in E:\workspace\java\MyNote)
2023-12-19 14:06:24,344 INFO [main][SpringApplication.java:646] - The following 1 profile is active: "dev"
2023-12-19 14:06:24,344 INFO [main][SpringApplication.java:646] - The following 1 profile is active: "dev"
2023-12-19 14:06:24,768 INFO [main][RepositoryConfigurationDelegate.java:262] - Multiple Spring Data modules found, entering strict repository configuration mode!
2023-12-19 14:06:24,768 INFO [main][RepositoryConfigurationDelegate.java:262] - Multiple Spring Data modules found, entering strict repository configuration mode!
2023-12-19 14:06:24,769 INFO [main][RepositoryConfigurationDelegate.java:132] - Bootstrapping Spring Data Redis repositories in DEFAULT mode.
2023-12-19 14:06:24,769 INFO [main][RepositoryConfigurationDelegate.java:132] - Bootstrapping Spring Data Redis repositories in DEFAULT mode.
2023-12-19 14:06:24,781 INFO [main][RepositoryConfigurationDelegate.java:201] - Finished Spring Data repository scanning in 4 ms. Found 0 Redis repository interfaces.
2023-12-19 14:06:24,781 INFO [main][RepositoryConfigurationDelegate.java:201] - Finished Spring Data repository scanning in 4 ms. Found 0 Redis repository interfaces.
2023-12-19 14:06:25,149 INFO [main][TomcatWebServer.java:108] - Tomcat initialized with port(s): 8001 (http)
2023-12-19 14:06:25,149 INFO [main][TomcatWebServer.java:108] - Tomcat initialized with port(s): 8001 (http)
2023-12-19 14:06:25,150 INFO [main][DirectJDKLog.java:173] - Loaded Apache Tomcat Native library [1.2.38] using APR version [1.7.4].
2023-12-19 14:06:25,150 INFO [main][DirectJDKLog.java:173] - Loaded Apache Tomcat Native library [1.2.38] using APR version [1.7.4].
2023-12-19 14:06:25,150 INFO [main][DirectJDKLog.java:173] - APR capabilities: IPv6 [true], sendfile [true], accept filters [false], random [true], UDS [true].
2023-12-19 14:06:25,150 INFO [main][DirectJDKLog.java:173] - APR capabilities: IPv6 [true], sendfile [true], accept filters [false], random [true], UDS [true].
2023-12-19 14:06:25,151 INFO [main][DirectJDKLog.java:173] - APR/OpenSSL configuration: useAprConnector [false], useOpenSSL [true]
2023-12-19 14:06:25,151 INFO [main][DirectJDKLog.java:173] - APR/OpenSSL configuration: useAprConnector [false], useOpenSSL [true]
2023-12-19 14:06:25,152 INFO [main][DirectJDKLog.java:173] - OpenSSL successfully initialized [OpenSSL 1.1.1v  1 Aug 2023]
2023-12-19 14:06:25,152 INFO [main][DirectJDKLog.java:173] - OpenSSL successfully initialized [OpenSSL 1.1.1v  1 Aug 2023]
2023-12-19 14:06:25,157 INFO [main][DirectJDKLog.java:173] - Initializing ProtocolHandler ["http-nio-8001"]
2023-12-19 14:06:25,157 INFO [main][DirectJDKLog.java:173] - Initializing ProtocolHandler ["http-nio-8001"]
2023-12-19 14:06:25,157 INFO [main][DirectJDKLog.java:173] - Starting service [Tomcat]
2023-12-19 14:06:25,157 INFO [main][DirectJDKLog.java:173] - Starting service [Tomcat]
2023-12-19 14:06:25,157 INFO [main][DirectJDKLog.java:173] - Starting Servlet engine: [Apache Tomcat/9.0.60]
2023-12-19 14:06:25,157 INFO [main][DirectJDKLog.java:173] - Starting Servlet engine: [Apache Tomcat/9.0.60]
2023-12-19 14:06:25,213 INFO [main][DirectJDKLog.java:173] - Initializing Spring embedded WebApplicationContext
2023-12-19 14:06:25,213 INFO [main][DirectJDKLog.java:173] - Initializing Spring embedded WebApplicationContext
2023-12-19 14:06:25,213 INFO [main][ServletWebServerApplicationContext.java:290] - Root WebApplicationContext: initialization completed in 850 ms
2023-12-19 14:06:25,213 INFO [main][ServletWebServerApplicationContext.java:290] - Root WebApplicationContext: initialization completed in 850 ms
2023-12-19 14:06:26,114 INFO [main][DirectJDKLog.java:173] - Starting ProtocolHandler ["http-nio-8001"]
2023-12-19 14:06:26,114 INFO [main][DirectJDKLog.java:173] - Starting ProtocolHandler ["http-nio-8001"]
2023-12-19 14:06:26,127 INFO [main][TomcatWebServer.java:220] - Tomcat started on port(s): 8001 (http) with context path ''
2023-12-19 14:06:26,127 INFO [main][TomcatWebServer.java:220] - Tomcat started on port(s): 8001 (http) with context path ''
2023-12-19 14:06:26,273 INFO [main][StartupInfoLogger.java:61] - Started SystemApplication in 2.174 seconds (JVM running for 2.653)
2023-12-19 14:06:26,273 INFO [main][StartupInfoLogger.java:61] - Started SystemApplication in 2.174 seconds (JVM running for 2.653)
2023-12-19 14:06:26,277 INFO [main][SystemApplication.java:34] - 
----------------------------------------------------------
	Application MyNote-system is running! Access URLs:
	local: 	http://localhost:8001/doc.html
	Swagger文档: 	http://192.168.0.147:8001/doc.html
----------------------------------------------------------
2023-12-19 14:06:26,277 INFO [main][SystemApplication.java:34] - 
----------------------------------------------------------
	Application MyNote-system is running! Access URLs:
	local: 	http://localhost:8001/doc.html
	Swagger文档: 	http://192.168.0.147:8001/doc.html
----------------------------------------------------------
2023-12-19 14:06:32,839 INFO [http-nio-8001-exec-1][DirectJDKLog.java:173] - Initializing Spring DispatcherServlet 'dispatcherServlet'
2023-12-19 14:06:32,839 INFO [http-nio-8001-exec-1][DirectJDKLog.java:173] - Initializing Spring DispatcherServlet 'dispatcherServlet'
2023-12-19 14:06:32,839 INFO [http-nio-8001-exec-1][FrameworkServlet.java:525] - Initializing Servlet 'dispatcherServlet'
2023-12-19 14:06:32,839 INFO [http-nio-8001-exec-1][FrameworkServlet.java:525] - Initializing Servlet 'dispatcherServlet'
2023-12-19 14:06:32,840 INFO [http-nio-8001-exec-1][FrameworkServlet.java:547] - Completed initialization in 1 ms
2023-12-19 14:06:32,840 INFO [http-nio-8001-exec-1][FrameworkServlet.java:547] - Completed initialization in 1 ms
2023-12-19 14:06:47,743 INFO [http-nio-8001-exec-4][HikariDataSource.java:110] - HikariPool-1 - Starting...
2023-12-19 14:06:47,743 INFO [http-nio-8001-exec-4][HikariDataSource.java:110] - HikariPool-1 - Starting...
2023-12-19 14:06:47,831 INFO [http-nio-8001-exec-4][HikariDataSource.java:123] - HikariPool-1 - Start completed.
2023-12-19 14:06:47,831 INFO [http-nio-8001-exec-4][HikariDataSource.java:123] - HikariPool-1 - Start completed.
2023-12-19 14:14:01,897 INFO [SpringApplicationShutdownHook][HikariDataSource.java:350] - HikariPool-1 - Shutdown initiated...
2023-12-19 14:14:01,897 INFO [SpringApplicationShutdownHook][HikariDataSource.java:350] - HikariPool-1 - Shutdown initiated...
2023-12-19 14:14:01,904 INFO [SpringApplicationShutdownHook][HikariDataSource.java:352] - HikariPool-1 - Shutdown completed.
2023-12-19 14:14:01,904 INFO [SpringApplicationShutdownHook][HikariDataSource.java:352] - HikariPool-1 - Shutdown completed.
2023-12-19 14:14:06,439 INFO [main][StartupInfoLogger.java:55] - Starting SystemApplication using Java 11.0.20 on zzadmin with PID 9512 (E:\workspace\java\MyNote\myNote-system\target\classes started by Administrator in E:\workspace\java\MyNote)
2023-12-19 14:14:06,439 INFO [main][StartupInfoLogger.java:55] - Starting SystemApplication using Java 11.0.20 on zzadmin with PID 9512 (E:\workspace\java\MyNote\myNote-system\target\classes started by Administrator in E:\workspace\java\MyNote)
2023-12-19 14:14:06,444 INFO [main][SpringApplication.java:646] - The following 1 profile is active: "dev"
2023-12-19 14:14:06,444 INFO [main][SpringApplication.java:646] - The following 1 profile is active: "dev"
2023-12-19 14:14:06,880 INFO [main][RepositoryConfigurationDelegate.java:262] - Multiple Spring Data modules found, entering strict repository configuration mode!
2023-12-19 14:14:06,880 INFO [main][RepositoryConfigurationDelegate.java:262] - Multiple Spring Data modules found, entering strict repository configuration mode!
2023-12-19 14:14:06,881 INFO [main][RepositoryConfigurationDelegate.java:132] - Bootstrapping Spring Data Redis repositories in DEFAULT mode.
2023-12-19 14:14:06,881 INFO [main][RepositoryConfigurationDelegate.java:132] - Bootstrapping Spring Data Redis repositories in DEFAULT mode.
2023-12-19 14:14:06,893 INFO [main][RepositoryConfigurationDelegate.java:201] - Finished Spring Data repository scanning in 4 ms. Found 0 Redis repository interfaces.
2023-12-19 14:14:06,893 INFO [main][RepositoryConfigurationDelegate.java:201] - Finished Spring Data repository scanning in 4 ms. Found 0 Redis repository interfaces.
2023-12-19 14:14:07,226 INFO [main][TomcatWebServer.java:108] - Tomcat initialized with port(s): 8001 (http)
2023-12-19 14:14:07,226 INFO [main][TomcatWebServer.java:108] - Tomcat initialized with port(s): 8001 (http)
2023-12-19 14:14:07,227 INFO [main][DirectJDKLog.java:173] - Loaded Apache Tomcat Native library [1.2.38] using APR version [1.7.4].
2023-12-19 14:14:07,227 INFO [main][DirectJDKLog.java:173] - Loaded Apache Tomcat Native library [1.2.38] using APR version [1.7.4].
2023-12-19 14:14:07,227 INFO [main][DirectJDKLog.java:173] - APR capabilities: IPv6 [true], sendfile [true], accept filters [false], random [true], UDS [true].
2023-12-19 14:14:07,227 INFO [main][DirectJDKLog.java:173] - APR capabilities: IPv6 [true], sendfile [true], accept filters [false], random [true], UDS [true].
2023-12-19 14:14:07,227 INFO [main][DirectJDKLog.java:173] - APR/OpenSSL configuration: useAprConnector [false], useOpenSSL [true]
2023-12-19 14:14:07,227 INFO [main][DirectJDKLog.java:173] - APR/OpenSSL configuration: useAprConnector [false], useOpenSSL [true]
2023-12-19 14:14:07,229 INFO [main][DirectJDKLog.java:173] - OpenSSL successfully initialized [OpenSSL 1.1.1v  1 Aug 2023]
2023-12-19 14:14:07,229 INFO [main][DirectJDKLog.java:173] - OpenSSL successfully initialized [OpenSSL 1.1.1v  1 Aug 2023]
2023-12-19 14:14:07,232 INFO [main][DirectJDKLog.java:173] - Initializing ProtocolHandler ["http-nio-8001"]
2023-12-19 14:14:07,232 INFO [main][DirectJDKLog.java:173] - Initializing ProtocolHandler ["http-nio-8001"]
2023-12-19 14:14:07,233 INFO [main][DirectJDKLog.java:173] - Starting service [Tomcat]
2023-12-19 14:14:07,233 INFO [main][DirectJDKLog.java:173] - Starting service [Tomcat]
2023-12-19 14:14:07,233 INFO [main][DirectJDKLog.java:173] - Starting Servlet engine: [Apache Tomcat/9.0.60]
2023-12-19 14:14:07,233 INFO [main][DirectJDKLog.java:173] - Starting Servlet engine: [Apache Tomcat/9.0.60]
2023-12-19 14:14:07,283 INFO [main][DirectJDKLog.java:173] - Initializing Spring embedded WebApplicationContext
2023-12-19 14:14:07,283 INFO [main][DirectJDKLog.java:173] - Initializing Spring embedded WebApplicationContext
2023-12-19 14:14:07,283 INFO [main][ServletWebServerApplicationContext.java:290] - Root WebApplicationContext: initialization completed in 820 ms
2023-12-19 14:14:07,283 INFO [main][ServletWebServerApplicationContext.java:290] - Root WebApplicationContext: initialization completed in 820 ms
2023-12-19 14:14:08,232 INFO [main][DirectJDKLog.java:173] - Starting ProtocolHandler ["http-nio-8001"]
2023-12-19 14:14:08,232 INFO [main][DirectJDKLog.java:173] - Starting ProtocolHandler ["http-nio-8001"]
2023-12-19 14:14:08,241 INFO [main][TomcatWebServer.java:220] - Tomcat started on port(s): 8001 (http) with context path ''
2023-12-19 14:14:08,241 INFO [main][TomcatWebServer.java:220] - Tomcat started on port(s): 8001 (http) with context path ''
2023-12-19 14:14:08,378 INFO [main][StartupInfoLogger.java:61] - Started SystemApplication in 2.174 seconds (JVM running for 2.636)
2023-12-19 14:14:08,378 INFO [main][StartupInfoLogger.java:61] - Started SystemApplication in 2.174 seconds (JVM running for 2.636)
2023-12-19 14:14:08,382 INFO [main][SystemApplication.java:34] - 
----------------------------------------------------------
	Application MyNote-system is running! Access URLs:
	local: 	http://localhost:8001/doc.html
	Swagger文档: 	http://192.168.0.147:8001/doc.html
----------------------------------------------------------
2023-12-19 14:14:08,382 INFO [main][SystemApplication.java:34] - 
----------------------------------------------------------
	Application MyNote-system is running! Access URLs:
	local: 	http://localhost:8001/doc.html
	Swagger文档: 	http://192.168.0.147:8001/doc.html
----------------------------------------------------------
2023-12-19 14:14:11,279 INFO [http-nio-8001-exec-1][DirectJDKLog.java:173] - Initializing Spring DispatcherServlet 'dispatcherServlet'
2023-12-19 14:14:11,279 INFO [http-nio-8001-exec-1][DirectJDKLog.java:173] - Initializing Spring DispatcherServlet 'dispatcherServlet'
2023-12-19 14:14:11,279 INFO [http-nio-8001-exec-1][FrameworkServlet.java:525] - Initializing Servlet 'dispatcherServlet'
2023-12-19 14:14:11,279 INFO [http-nio-8001-exec-1][FrameworkServlet.java:525] - Initializing Servlet 'dispatcherServlet'
2023-12-19 14:14:11,280 INFO [http-nio-8001-exec-1][FrameworkServlet.java:547] - Completed initialization in 1 ms
2023-12-19 14:14:11,280 INFO [http-nio-8001-exec-1][FrameworkServlet.java:547] - Completed initialization in 1 ms
2023-12-19 14:26:06,982 INFO [main][StartupInfoLogger.java:55] - Starting SystemApplication using Java 11.0.20 on zzadmin with PID 14784 (E:\workspace\java\MyNote\myNote-system\target\classes started by Administrator in E:\workspace\java\MyNote)
2023-12-19 14:26:06,982 INFO [main][StartupInfoLogger.java:55] - Starting SystemApplication using Java 11.0.20 on zzadmin with PID 14784 (E:\workspace\java\MyNote\myNote-system\target\classes started by Administrator in E:\workspace\java\MyNote)
2023-12-19 14:26:06,987 INFO [main][SpringApplication.java:646] - The following 1 profile is active: "dev"
2023-12-19 14:26:06,987 INFO [main][SpringApplication.java:646] - The following 1 profile is active: "dev"
2023-12-19 14:26:07,396 INFO [main][RepositoryConfigurationDelegate.java:262] - Multiple Spring Data modules found, entering strict repository configuration mode!
2023-12-19 14:26:07,396 INFO [main][RepositoryConfigurationDelegate.java:262] - Multiple Spring Data modules found, entering strict repository configuration mode!
2023-12-19 14:26:07,397 INFO [main][RepositoryConfigurationDelegate.java:132] - Bootstrapping Spring Data Redis repositories in DEFAULT mode.
2023-12-19 14:26:07,397 INFO [main][RepositoryConfigurationDelegate.java:132] - Bootstrapping Spring Data Redis repositories in DEFAULT mode.
2023-12-19 14:26:07,408 INFO [main][RepositoryConfigurationDelegate.java:201] - Finished Spring Data repository scanning in 4 ms. Found 0 Redis repository interfaces.
2023-12-19 14:26:07,408 INFO [main][RepositoryConfigurationDelegate.java:201] - Finished Spring Data repository scanning in 4 ms. Found 0 Redis repository interfaces.
2023-12-19 14:26:07,755 INFO [main][TomcatWebServer.java:108] - Tomcat initialized with port(s): 8001 (http)
2023-12-19 14:26:07,755 INFO [main][TomcatWebServer.java:108] - Tomcat initialized with port(s): 8001 (http)
2023-12-19 14:26:07,755 INFO [main][DirectJDKLog.java:173] - Loaded Apache Tomcat Native library [1.2.38] using APR version [1.7.4].
2023-12-19 14:26:07,755 INFO [main][DirectJDKLog.java:173] - Loaded Apache Tomcat Native library [1.2.38] using APR version [1.7.4].
2023-12-19 14:26:07,756 INFO [main][DirectJDKLog.java:173] - APR capabilities: IPv6 [true], sendfile [true], accept filters [false], random [true], UDS [true].
2023-12-19 14:26:07,756 INFO [main][DirectJDKLog.java:173] - APR capabilities: IPv6 [true], sendfile [true], accept filters [false], random [true], UDS [true].
2023-12-19 14:26:07,756 INFO [main][DirectJDKLog.java:173] - APR/OpenSSL configuration: useAprConnector [false], useOpenSSL [true]
2023-12-19 14:26:07,756 INFO [main][DirectJDKLog.java:173] - APR/OpenSSL configuration: useAprConnector [false], useOpenSSL [true]
2023-12-19 14:26:07,757 INFO [main][DirectJDKLog.java:173] - OpenSSL successfully initialized [OpenSSL 1.1.1v  1 Aug 2023]
2023-12-19 14:26:07,757 INFO [main][DirectJDKLog.java:173] - OpenSSL successfully initialized [OpenSSL 1.1.1v  1 Aug 2023]
2023-12-19 14:26:07,761 INFO [main][DirectJDKLog.java:173] - Initializing ProtocolHandler ["http-nio-8001"]
2023-12-19 14:26:07,761 INFO [main][DirectJDKLog.java:173] - Initializing ProtocolHandler ["http-nio-8001"]
2023-12-19 14:26:07,762 INFO [main][DirectJDKLog.java:173] - Starting service [Tomcat]
2023-12-19 14:26:07,762 INFO [main][DirectJDKLog.java:173] - Starting service [Tomcat]
2023-12-19 14:26:07,762 INFO [main][DirectJDKLog.java:173] - Starting Servlet engine: [Apache Tomcat/9.0.60]
2023-12-19 14:26:07,762 INFO [main][DirectJDKLog.java:173] - Starting Servlet engine: [Apache Tomcat/9.0.60]
2023-12-19 14:26:07,811 INFO [main][DirectJDKLog.java:173] - Initializing Spring embedded WebApplicationContext
2023-12-19 14:26:07,811 INFO [main][DirectJDKLog.java:173] - Initializing Spring embedded WebApplicationContext
2023-12-19 14:26:07,811 INFO [main][ServletWebServerApplicationContext.java:290] - Root WebApplicationContext: initialization completed in 807 ms
2023-12-19 14:26:07,811 INFO [main][ServletWebServerApplicationContext.java:290] - Root WebApplicationContext: initialization completed in 807 ms
2023-12-19 14:26:08,636 INFO [main][DirectJDKLog.java:173] - Starting ProtocolHandler ["http-nio-8001"]
2023-12-19 14:26:08,636 INFO [main][DirectJDKLog.java:173] - Starting ProtocolHandler ["http-nio-8001"]
2023-12-19 14:26:08,645 INFO [main][TomcatWebServer.java:220] - Tomcat started on port(s): 8001 (http) with context path ''
2023-12-19 14:26:08,645 INFO [main][TomcatWebServer.java:220] - Tomcat started on port(s): 8001 (http) with context path ''
2023-12-19 14:26:08,784 INFO [main][StartupInfoLogger.java:61] - Started SystemApplication in 2.025 seconds (JVM running for 2.492)
2023-12-19 14:26:08,784 INFO [main][StartupInfoLogger.java:61] - Started SystemApplication in 2.025 seconds (JVM running for 2.492)
2023-12-19 14:26:08,787 INFO [main][SystemApplication.java:34] - 
----------------------------------------------------------
	Application MyNote-system is running! Access URLs:
	local: 	http://localhost:8001/doc.html
	Swagger文档: 	http://192.168.0.147:8001/doc.html
----------------------------------------------------------
2023-12-19 14:26:08,787 INFO [main][SystemApplication.java:34] - 
----------------------------------------------------------
	Application MyNote-system is running! Access URLs:
	local: 	http://localhost:8001/doc.html
	Swagger文档: 	http://192.168.0.147:8001/doc.html
----------------------------------------------------------
2023-12-19 14:26:20,852 INFO [http-nio-8001-exec-1][DirectJDKLog.java:173] - Initializing Spring DispatcherServlet 'dispatcherServlet'
2023-12-19 14:26:20,852 INFO [http-nio-8001-exec-1][DirectJDKLog.java:173] - Initializing Spring DispatcherServlet 'dispatcherServlet'
2023-12-19 14:26:20,852 INFO [http-nio-8001-exec-1][FrameworkServlet.java:525] - Initializing Servlet 'dispatcherServlet'
2023-12-19 14:26:20,852 INFO [http-nio-8001-exec-1][FrameworkServlet.java:525] - Initializing Servlet 'dispatcherServlet'
2023-12-19 14:26:20,853 INFO [http-nio-8001-exec-1][FrameworkServlet.java:547] - Completed initialization in 1 ms
2023-12-19 14:26:20,853 INFO [http-nio-8001-exec-1][FrameworkServlet.java:547] - Completed initialization in 1 ms
2023-12-19 14:26:20,962 WARN [http-nio-8001-exec-1][DirectJDKLog.java:173] - Creation of SecureRandom instance for session ID generation using [SHA1PRNG] took [102] milliseconds.
2023-12-19 14:26:20,962 WARN [http-nio-8001-exec-1][DirectJDKLog.java:173] - Creation of SecureRandom instance for session ID generation using [SHA1PRNG] took [102] milliseconds.
2023-12-19 14:26:45,268 INFO [http-nio-8001-exec-2][HikariDataSource.java:110] - HikariPool-1 - Starting...
2023-12-19 14:26:45,268 INFO [http-nio-8001-exec-2][HikariDataSource.java:110] - HikariPool-1 - Starting...
2023-12-19 14:26:45,382 INFO [http-nio-8001-exec-2][HikariDataSource.java:123] - HikariPool-1 - Start completed.
2023-12-19 14:26:45,382 INFO [http-nio-8001-exec-2][HikariDataSource.java:123] - HikariPool-1 - Start completed.
2023-12-19 14:26:45,445 ERROR [http-nio-8001-exec-2][DirectJDKLog.java:175] - Servlet.service() for servlet [dispatcherServlet] in context with path [] threw exception [Request processing failed; nested exception is NoteException{code=509, message=用户不存在}] with root cause
NoteException{code=509, message=用户不存在}
	at com.mynote.sys.controller.UserController.updateUser(UserController.java:142)
	at java.base/jdk.internal.reflect.NativeMethodAccessorImpl.invoke0(Native Method)
	at java.base/jdk.internal.reflect.NativeMethodAccessorImpl.invoke(NativeMethodAccessorImpl.java:62)
	at java.base/jdk.internal.reflect.DelegatingMethodAccessorImpl.invoke(DelegatingMethodAccessorImpl.java:43)
	at java.base/java.lang.reflect.Method.invoke(Method.java:566)
	at org.springframework.web.method.support.InvocableHandlerMethod.doInvoke(InvocableHandlerMethod.java:205)
	at org.springframework.web.method.support.InvocableHandlerMethod.invokeForRequest(InvocableHandlerMethod.java:150)
	at org.springframework.web.servlet.mvc.method.annotation.ServletInvocableHandlerMethod.invokeAndHandle(ServletInvocableHandlerMethod.java:117)
	at org.springframework.web.servlet.mvc.method.annotation.RequestMappingHandlerAdapter.invokeHandlerMethod(RequestMappingHandlerAdapter.java:895)
	at org.springframework.web.servlet.mvc.method.annotation.RequestMappingHandlerAdapter.handleInternal(RequestMappingHandlerAdapter.java:808)
	at org.springframework.web.servlet.mvc.method.AbstractHandlerMethodAdapter.handle(AbstractHandlerMethodAdapter.java:87)
	at org.springframework.web.servlet.DispatcherServlet.doDispatch(DispatcherServlet.java:1067)
	at org.springframework.web.servlet.DispatcherServlet.doService(DispatcherServlet.java:963)
	at org.springframework.web.servlet.FrameworkServlet.processRequest(FrameworkServlet.java:1006)
	at org.springframework.web.servlet.FrameworkServlet.doPost(FrameworkServlet.java:909)
	at javax.servlet.http.HttpServlet.service(HttpServlet.java:681)
	at org.springframework.web.servlet.FrameworkServlet.service(FrameworkServlet.java:883)
	at javax.servlet.http.HttpServlet.service(HttpServlet.java:764)
	at org.apache.catalina.core.ApplicationFilterChain.internalDoFilter(ApplicationFilterChain.java:227)
	at org.apache.catalina.core.ApplicationFilterChain.doFilter(ApplicationFilterChain.java:162)
	at org.apache.tomcat.websocket.server.WsFilter.doFilter(WsFilter.java:53)
	at org.apache.catalina.core.ApplicationFilterChain.internalDoFilter(ApplicationFilterChain.java:189)
	at org.apache.catalina.core.ApplicationFilterChain.doFilter(ApplicationFilterChain.java:162)
	at com.github.xiaoymin.knife4j.spring.filter.SecurityBasicAuthFilter.doFilter(SecurityBasicAuthFilter.java:87)
	at org.apache.catalina.core.ApplicationFilterChain.internalDoFilter(ApplicationFilterChain.java:189)
	at org.apache.catalina.core.ApplicationFilterChain.doFilter(ApplicationFilterChain.java:162)
	at org.springframework.web.filter.RequestContextFilter.doFilterInternal(RequestContextFilter.java:100)
	at org.springframework.web.filter.OncePerRequestFilter.doFilter(OncePerRequestFilter.java:117)
	at org.apache.catalina.core.ApplicationFilterChain.internalDoFilter(ApplicationFilterChain.java:189)
	at org.apache.catalina.core.ApplicationFilterChain.doFilter(ApplicationFilterChain.java:162)
	at org.springframework.web.filter.FormContentFilter.doFilterInternal(FormContentFilter.java:93)
	at org.springframework.web.filter.OncePerRequestFilter.doFilter(OncePerRequestFilter.java:117)
	at org.apache.catalina.core.ApplicationFilterChain.internalDoFilter(ApplicationFilterChain.java:189)
	at org.apache.catalina.core.ApplicationFilterChain.doFilter(ApplicationFilterChain.java:162)
	at org.springframework.web.filter.CharacterEncodingFilter.doFilterInternal(CharacterEncodingFilter.java:201)
	at org.springframework.web.filter.OncePerRequestFilter.doFilter(OncePerRequestFilter.java:117)
	at org.apache.catalina.core.ApplicationFilterChain.internalDoFilter(ApplicationFilterChain.java:189)
	at org.apache.catalina.core.ApplicationFilterChain.doFilter(ApplicationFilterChain.java:162)
	at org.apache.catalina.core.StandardWrapperValve.invoke(StandardWrapperValve.java:197)
	at org.apache.catalina.core.StandardContextValve.invoke(StandardContextValve.java:97)
	at org.apache.catalina.authenticator.AuthenticatorBase.invoke(AuthenticatorBase.java:541)
	at org.apache.catalina.core.StandardHostValve.invoke(StandardHostValve.java:135)
	at org.apache.catalina.valves.ErrorReportValve.invoke(ErrorReportValve.java:92)
	at org.apache.catalina.core.StandardEngineValve.invoke(StandardEngineValve.java:78)
	at org.apache.catalina.connector.CoyoteAdapter.service(CoyoteAdapter.java:360)
	at org.apache.coyote.http11.Http11Processor.service(Http11Processor.java:399)
	at org.apache.coyote.AbstractProcessorLight.process(AbstractProcessorLight.java:65)
	at org.apache.coyote.AbstractProtocol$ConnectionHandler.process(AbstractProtocol.java:889)
	at org.apache.tomcat.util.net.NioEndpoint$SocketProcessor.doRun(NioEndpoint.java:1743)
	at org.apache.tomcat.util.net.SocketProcessorBase.run(SocketProcessorBase.java:49)
	at org.apache.tomcat.util.threads.ThreadPoolExecutor.runWorker(ThreadPoolExecutor.java:1191)
	at org.apache.tomcat.util.threads.ThreadPoolExecutor$Worker.run(ThreadPoolExecutor.java:659)
	at org.apache.tomcat.util.threads.TaskThread$WrappingRunnable.run(TaskThread.java:61)
	at java.base/java.lang.Thread.run(Thread.java:834)
2023-12-19 14:26:45,445 ERROR [http-nio-8001-exec-2][DirectJDKLog.java:175] - Servlet.service() for servlet [dispatcherServlet] in context with path [] threw exception [Request processing failed; nested exception is NoteException{code=509, message=用户不存在}] with root cause
NoteException{code=509, message=用户不存在}
	at com.mynote.sys.controller.UserController.updateUser(UserController.java:142)
	at java.base/jdk.internal.reflect.NativeMethodAccessorImpl.invoke0(Native Method)
	at java.base/jdk.internal.reflect.NativeMethodAccessorImpl.invoke(NativeMethodAccessorImpl.java:62)
	at java.base/jdk.internal.reflect.DelegatingMethodAccessorImpl.invoke(DelegatingMethodAccessorImpl.java:43)
	at java.base/java.lang.reflect.Method.invoke(Method.java:566)
	at org.springframework.web.method.support.InvocableHandlerMethod.doInvoke(InvocableHandlerMethod.java:205)
	at org.springframework.web.method.support.InvocableHandlerMethod.invokeForRequest(InvocableHandlerMethod.java:150)
	at org.springframework.web.servlet.mvc.method.annotation.ServletInvocableHandlerMethod.invokeAndHandle(ServletInvocableHandlerMethod.java:117)
	at org.springframework.web.servlet.mvc.method.annotation.RequestMappingHandlerAdapter.invokeHandlerMethod(RequestMappingHandlerAdapter.java:895)
	at org.springframework.web.servlet.mvc.method.annotation.RequestMappingHandlerAdapter.handleInternal(RequestMappingHandlerAdapter.java:808)
	at org.springframework.web.servlet.mvc.method.AbstractHandlerMethodAdapter.handle(AbstractHandlerMethodAdapter.java:87)
	at org.springframework.web.servlet.DispatcherServlet.doDispatch(DispatcherServlet.java:1067)
	at org.springframework.web.servlet.DispatcherServlet.doService(DispatcherServlet.java:963)
	at org.springframework.web.servlet.FrameworkServlet.processRequest(FrameworkServlet.java:1006)
	at org.springframework.web.servlet.FrameworkServlet.doPost(FrameworkServlet.java:909)
	at javax.servlet.http.HttpServlet.service(HttpServlet.java:681)
	at org.springframework.web.servlet.FrameworkServlet.service(FrameworkServlet.java:883)
	at javax.servlet.http.HttpServlet.service(HttpServlet.java:764)
	at org.apache.catalina.core.ApplicationFilterChain.internalDoFilter(ApplicationFilterChain.java:227)
	at org.apache.catalina.core.ApplicationFilterChain.doFilter(ApplicationFilterChain.java:162)
	at org.apache.tomcat.websocket.server.WsFilter.doFilter(WsFilter.java:53)
	at org.apache.catalina.core.ApplicationFilterChain.internalDoFilter(ApplicationFilterChain.java:189)
	at org.apache.catalina.core.ApplicationFilterChain.doFilter(ApplicationFilterChain.java:162)
	at com.github.xiaoymin.knife4j.spring.filter.SecurityBasicAuthFilter.doFilter(SecurityBasicAuthFilter.java:87)
	at org.apache.catalina.core.ApplicationFilterChain.internalDoFilter(ApplicationFilterChain.java:189)
	at org.apache.catalina.core.ApplicationFilterChain.doFilter(ApplicationFilterChain.java:162)
	at org.springframework.web.filter.RequestContextFilter.doFilterInternal(RequestContextFilter.java:100)
	at org.springframework.web.filter.OncePerRequestFilter.doFilter(OncePerRequestFilter.java:117)
	at org.apache.catalina.core.ApplicationFilterChain.internalDoFilter(ApplicationFilterChain.java:189)
	at org.apache.catalina.core.ApplicationFilterChain.doFilter(ApplicationFilterChain.java:162)
	at org.springframework.web.filter.FormContentFilter.doFilterInternal(FormContentFilter.java:93)
	at org.springframework.web.filter.OncePerRequestFilter.doFilter(OncePerRequestFilter.java:117)
	at org.apache.catalina.core.ApplicationFilterChain.internalDoFilter(ApplicationFilterChain.java:189)
	at org.apache.catalina.core.ApplicationFilterChain.doFilter(ApplicationFilterChain.java:162)
	at org.springframework.web.filter.CharacterEncodingFilter.doFilterInternal(CharacterEncodingFilter.java:201)
	at org.springframework.web.filter.OncePerRequestFilter.doFilter(OncePerRequestFilter.java:117)
	at org.apache.catalina.core.ApplicationFilterChain.internalDoFilter(ApplicationFilterChain.java:189)
	at org.apache.catalina.core.ApplicationFilterChain.doFilter(ApplicationFilterChain.java:162)
	at org.apache.catalina.core.StandardWrapperValve.invoke(StandardWrapperValve.java:197)
	at org.apache.catalina.core.StandardContextValve.invoke(StandardContextValve.java:97)
	at org.apache.catalina.authenticator.AuthenticatorBase.invoke(AuthenticatorBase.java:541)
	at org.apache.catalina.core.StandardHostValve.invoke(StandardHostValve.java:135)
	at org.apache.catalina.valves.ErrorReportValve.invoke(ErrorReportValve.java:92)
	at org.apache.catalina.core.StandardEngineValve.invoke(StandardEngineValve.java:78)
	at org.apache.catalina.connector.CoyoteAdapter.service(CoyoteAdapter.java:360)
	at org.apache.coyote.http11.Http11Processor.service(Http11Processor.java:399)
	at org.apache.coyote.AbstractProcessorLight.process(AbstractProcessorLight.java:65)
	at org.apache.coyote.AbstractProtocol$ConnectionHandler.process(AbstractProtocol.java:889)
	at org.apache.tomcat.util.net.NioEndpoint$SocketProcessor.doRun(NioEndpoint.java:1743)
	at org.apache.tomcat.util.net.SocketProcessorBase.run(SocketProcessorBase.java:49)
	at org.apache.tomcat.util.threads.ThreadPoolExecutor.runWorker(ThreadPoolExecutor.java:1191)
	at org.apache.tomcat.util.threads.ThreadPoolExecutor$Worker.run(ThreadPoolExecutor.java:659)
	at org.apache.tomcat.util.threads.TaskThread$WrappingRunnable.run(TaskThread.java:61)
	at java.base/java.lang.Thread.run(Thread.java:834)
2023-12-19 14:33:52,577 INFO [SpringApplicationShutdownHook][HikariDataSource.java:350] - HikariPool-1 - Shutdown initiated...
2023-12-19 14:33:52,577 INFO [SpringApplicationShutdownHook][HikariDataSource.java:350] - HikariPool-1 - Shutdown initiated...
2023-12-19 14:33:52,583 INFO [SpringApplicationShutdownHook][HikariDataSource.java:352] - HikariPool-1 - Shutdown completed.
2023-12-19 14:33:52,583 INFO [SpringApplicationShutdownHook][HikariDataSource.java:352] - HikariPool-1 - Shutdown completed.
2023-12-19 14:33:58,213 INFO [main][StartupInfoLogger.java:55] - Starting SystemApplication using Java 11.0.20 on zzadmin with PID 17052 (E:\workspace\java\MyNote\myNote-system\target\classes started by Administrator in E:\workspace\java\MyNote)
2023-12-19 14:33:58,213 INFO [main][StartupInfoLogger.java:55] - Starting SystemApplication using Java 11.0.20 on zzadmin with PID 17052 (E:\workspace\java\MyNote\myNote-system\target\classes started by Administrator in E:\workspace\java\MyNote)
2023-12-19 14:33:58,218 INFO [main][SpringApplication.java:646] - The following 1 profile is active: "dev"
2023-12-19 14:33:58,218 INFO [main][SpringApplication.java:646] - The following 1 profile is active: "dev"
2023-12-19 14:33:58,658 INFO [main][RepositoryConfigurationDelegate.java:262] - Multiple Spring Data modules found, entering strict repository configuration mode!
2023-12-19 14:33:58,658 INFO [main][RepositoryConfigurationDelegate.java:262] - Multiple Spring Data modules found, entering strict repository configuration mode!
2023-12-19 14:33:58,660 INFO [main][RepositoryConfigurationDelegate.java:132] - Bootstrapping Spring Data Redis repositories in DEFAULT mode.
2023-12-19 14:33:58,660 INFO [main][RepositoryConfigurationDelegate.java:132] - Bootstrapping Spring Data Redis repositories in DEFAULT mode.
2023-12-19 14:33:58,675 INFO [main][RepositoryConfigurationDelegate.java:201] - Finished Spring Data repository scanning in 5 ms. Found 0 Redis repository interfaces.
2023-12-19 14:33:58,675 INFO [main][RepositoryConfigurationDelegate.java:201] - Finished Spring Data repository scanning in 5 ms. Found 0 Redis repository interfaces.
2023-12-19 14:33:59,024 INFO [main][TomcatWebServer.java:108] - Tomcat initialized with port(s): 8001 (http)
2023-12-19 14:33:59,024 INFO [main][TomcatWebServer.java:108] - Tomcat initialized with port(s): 8001 (http)
2023-12-19 14:33:59,024 INFO [main][DirectJDKLog.java:173] - Loaded Apache Tomcat Native library [1.2.38] using APR version [1.7.4].
2023-12-19 14:33:59,024 INFO [main][DirectJDKLog.java:173] - Loaded Apache Tomcat Native library [1.2.38] using APR version [1.7.4].
2023-12-19 14:33:59,025 INFO [main][DirectJDKLog.java:173] - APR capabilities: IPv6 [true], sendfile [true], accept filters [false], random [true], UDS [true].
2023-12-19 14:33:59,025 INFO [main][DirectJDKLog.java:173] - APR capabilities: IPv6 [true], sendfile [true], accept filters [false], random [true], UDS [true].
2023-12-19 14:33:59,025 INFO [main][DirectJDKLog.java:173] - APR/OpenSSL configuration: useAprConnector [false], useOpenSSL [true]
2023-12-19 14:33:59,025 INFO [main][DirectJDKLog.java:173] - APR/OpenSSL configuration: useAprConnector [false], useOpenSSL [true]
2023-12-19 14:33:59,027 INFO [main][DirectJDKLog.java:173] - OpenSSL successfully initialized [OpenSSL 1.1.1v  1 Aug 2023]
2023-12-19 14:33:59,027 INFO [main][DirectJDKLog.java:173] - OpenSSL successfully initialized [OpenSSL 1.1.1v  1 Aug 2023]
2023-12-19 14:33:59,031 INFO [main][DirectJDKLog.java:173] - Initializing ProtocolHandler ["http-nio-8001"]
2023-12-19 14:33:59,031 INFO [main][DirectJDKLog.java:173] - Initializing ProtocolHandler ["http-nio-8001"]
2023-12-19 14:33:59,032 INFO [main][DirectJDKLog.java:173] - Starting service [Tomcat]
2023-12-19 14:33:59,032 INFO [main][DirectJDKLog.java:173] - Starting service [Tomcat]
2023-12-19 14:33:59,032 INFO [main][DirectJDKLog.java:173] - Starting Servlet engine: [Apache Tomcat/9.0.60]
2023-12-19 14:33:59,032 INFO [main][DirectJDKLog.java:173] - Starting Servlet engine: [Apache Tomcat/9.0.60]
2023-12-19 14:33:59,092 INFO [main][DirectJDKLog.java:173] - Initializing Spring embedded WebApplicationContext
2023-12-19 14:33:59,092 INFO [main][DirectJDKLog.java:173] - Initializing Spring embedded WebApplicationContext
2023-12-19 14:33:59,093 INFO [main][ServletWebServerApplicationContext.java:290] - Root WebApplicationContext: initialization completed in 855 ms
2023-12-19 14:33:59,093 INFO [main][ServletWebServerApplicationContext.java:290] - Root WebApplicationContext: initialization completed in 855 ms
2023-12-19 14:33:59,994 INFO [main][DirectJDKLog.java:173] - Starting ProtocolHandler ["http-nio-8001"]
2023-12-19 14:33:59,994 INFO [main][DirectJDKLog.java:173] - Starting ProtocolHandler ["http-nio-8001"]
2023-12-19 14:34:00,005 INFO [main][TomcatWebServer.java:220] - Tomcat started on port(s): 8001 (http) with context path ''
2023-12-19 14:34:00,005 INFO [main][TomcatWebServer.java:220] - Tomcat started on port(s): 8001 (http) with context path ''
2023-12-19 14:34:00,158 INFO [main][StartupInfoLogger.java:61] - Started SystemApplication in 2.194 seconds (JVM running for 2.672)
2023-12-19 14:34:00,158 INFO [main][StartupInfoLogger.java:61] - Started SystemApplication in 2.194 seconds (JVM running for 2.672)
2023-12-19 14:34:00,162 INFO [main][SystemApplication.java:34] - 
----------------------------------------------------------
	Application MyNote-system is running! Access URLs:
	local: 	http://localhost:8001/doc.html
	Swagger文档: 	http://192.168.0.147:8001/doc.html
----------------------------------------------------------
2023-12-19 14:34:00,162 INFO [main][SystemApplication.java:34] - 
----------------------------------------------------------
	Application MyNote-system is running! Access URLs:
	local: 	http://localhost:8001/doc.html
	Swagger文档: 	http://192.168.0.147:8001/doc.html
----------------------------------------------------------
2023-12-19 14:34:18,478 INFO [http-nio-8001-exec-1][DirectJDKLog.java:173] - Initializing Spring DispatcherServlet 'dispatcherServlet'
2023-12-19 14:34:18,478 INFO [http-nio-8001-exec-1][DirectJDKLog.java:173] - Initializing Spring DispatcherServlet 'dispatcherServlet'
2023-12-19 14:34:18,478 INFO [http-nio-8001-exec-1][FrameworkServlet.java:525] - Initializing Servlet 'dispatcherServlet'
2023-12-19 14:34:18,478 INFO [http-nio-8001-exec-1][FrameworkServlet.java:525] - Initializing Servlet 'dispatcherServlet'
2023-12-19 14:34:18,479 INFO [http-nio-8001-exec-1][FrameworkServlet.java:547] - Completed initialization in 1 ms
2023-12-19 14:34:18,479 INFO [http-nio-8001-exec-1][FrameworkServlet.java:547] - Completed initialization in 1 ms
2023-12-19 14:34:18,579 INFO [http-nio-8001-exec-1][HikariDataSource.java:110] - HikariPool-1 - Starting...
2023-12-19 14:34:18,579 INFO [http-nio-8001-exec-1][HikariDataSource.java:110] - HikariPool-1 - Starting...
2023-12-19 14:34:18,699 INFO [http-nio-8001-exec-1][HikariDataSource.java:123] - HikariPool-1 - Start completed.
2023-12-19 14:34:18,699 INFO [http-nio-8001-exec-1][HikariDataSource.java:123] - HikariPool-1 - Start completed.
2023-12-19 14:35:07,109 INFO [SpringApplicationShutdownHook][HikariDataSource.java:350] - HikariPool-1 - Shutdown initiated...
2023-12-19 14:35:07,109 INFO [SpringApplicationShutdownHook][HikariDataSource.java:350] - HikariPool-1 - Shutdown initiated...
2023-12-19 14:35:07,116 INFO [SpringApplicationShutdownHook][HikariDataSource.java:352] - HikariPool-1 - Shutdown completed.
2023-12-19 14:35:07,116 INFO [SpringApplicationShutdownHook][HikariDataSource.java:352] - HikariPool-1 - Shutdown completed.
2023-12-19 14:35:11,321 INFO [main][StartupInfoLogger.java:55] - Starting SystemApplication using Java 11.0.20 on zzadmin with PID 15948 (E:\workspace\java\MyNote\myNote-system\target\classes started by Administrator in E:\workspace\java\MyNote)
2023-12-19 14:35:11,321 INFO [main][StartupInfoLogger.java:55] - Starting SystemApplication using Java 11.0.20 on zzadmin with PID 15948 (E:\workspace\java\MyNote\myNote-system\target\classes started by Administrator in E:\workspace\java\MyNote)
2023-12-19 14:35:11,326 INFO [main][SpringApplication.java:646] - The following 1 profile is active: "dev"
2023-12-19 14:35:11,326 INFO [main][SpringApplication.java:646] - The following 1 profile is active: "dev"
2023-12-19 14:35:11,738 INFO [main][RepositoryConfigurationDelegate.java:262] - Multiple Spring Data modules found, entering strict repository configuration mode!
2023-12-19 14:35:11,738 INFO [main][RepositoryConfigurationDelegate.java:262] - Multiple Spring Data modules found, entering strict repository configuration mode!
2023-12-19 14:35:11,739 INFO [main][RepositoryConfigurationDelegate.java:132] - Bootstrapping Spring Data Redis repositories in DEFAULT mode.
2023-12-19 14:35:11,739 INFO [main][RepositoryConfigurationDelegate.java:132] - Bootstrapping Spring Data Redis repositories in DEFAULT mode.
2023-12-19 14:35:11,752 INFO [main][RepositoryConfigurationDelegate.java:201] - Finished Spring Data repository scanning in 5 ms. Found 0 Redis repository interfaces.
2023-12-19 14:35:11,752 INFO [main][RepositoryConfigurationDelegate.java:201] - Finished Spring Data repository scanning in 5 ms. Found 0 Redis repository interfaces.
2023-12-19 14:35:12,091 INFO [main][TomcatWebServer.java:108] - Tomcat initialized with port(s): 8001 (http)
2023-12-19 14:35:12,091 INFO [main][TomcatWebServer.java:108] - Tomcat initialized with port(s): 8001 (http)
2023-12-19 14:35:12,091 INFO [main][DirectJDKLog.java:173] - Loaded Apache Tomcat Native library [1.2.38] using APR version [1.7.4].
2023-12-19 14:35:12,091 INFO [main][DirectJDKLog.java:173] - Loaded Apache Tomcat Native library [1.2.38] using APR version [1.7.4].
2023-12-19 14:35:12,092 INFO [main][DirectJDKLog.java:173] - APR capabilities: IPv6 [true], sendfile [true], accept filters [false], random [true], UDS [true].
2023-12-19 14:35:12,092 INFO [main][DirectJDKLog.java:173] - APR capabilities: IPv6 [true], sendfile [true], accept filters [false], random [true], UDS [true].
2023-12-19 14:35:12,092 INFO [main][DirectJDKLog.java:173] - APR/OpenSSL configuration: useAprConnector [false], useOpenSSL [true]
2023-12-19 14:35:12,092 INFO [main][DirectJDKLog.java:173] - APR/OpenSSL configuration: useAprConnector [false], useOpenSSL [true]
2023-12-19 14:35:12,093 INFO [main][DirectJDKLog.java:173] - OpenSSL successfully initialized [OpenSSL 1.1.1v  1 Aug 2023]
2023-12-19 14:35:12,093 INFO [main][DirectJDKLog.java:173] - OpenSSL successfully initialized [OpenSSL 1.1.1v  1 Aug 2023]
2023-12-19 14:35:12,097 INFO [main][DirectJDKLog.java:173] - Initializing ProtocolHandler ["http-nio-8001"]
2023-12-19 14:35:12,097 INFO [main][DirectJDKLog.java:173] - Initializing ProtocolHandler ["http-nio-8001"]
2023-12-19 14:35:12,098 INFO [main][DirectJDKLog.java:173] - Starting service [Tomcat]
2023-12-19 14:35:12,098 INFO [main][DirectJDKLog.java:173] - Starting service [Tomcat]
2023-12-19 14:35:12,098 INFO [main][DirectJDKLog.java:173] - Starting Servlet engine: [Apache Tomcat/9.0.60]
2023-12-19 14:35:12,098 INFO [main][DirectJDKLog.java:173] - Starting Servlet engine: [Apache Tomcat/9.0.60]
2023-12-19 14:35:12,154 INFO [main][DirectJDKLog.java:173] - Initializing Spring embedded WebApplicationContext
2023-12-19 14:35:12,154 INFO [main][DirectJDKLog.java:173] - Initializing Spring embedded WebApplicationContext
2023-12-19 14:35:12,155 INFO [main][ServletWebServerApplicationContext.java:290] - Root WebApplicationContext: initialization completed in 811 ms
2023-12-19 14:35:12,155 INFO [main][ServletWebServerApplicationContext.java:290] - Root WebApplicationContext: initialization completed in 811 ms
2023-12-19 14:35:13,055 INFO [main][DirectJDKLog.java:173] - Starting ProtocolHandler ["http-nio-8001"]
2023-12-19 14:35:13,055 INFO [main][DirectJDKLog.java:173] - Starting ProtocolHandler ["http-nio-8001"]
2023-12-19 14:35:13,064 INFO [main][TomcatWebServer.java:220] - Tomcat started on port(s): 8001 (http) with context path ''
2023-12-19 14:35:13,064 INFO [main][TomcatWebServer.java:220] - Tomcat started on port(s): 8001 (http) with context path ''
2023-12-19 14:35:13,211 INFO [main][StartupInfoLogger.java:61] - Started SystemApplication in 2.114 seconds (JVM running for 2.572)
2023-12-19 14:35:13,211 INFO [main][StartupInfoLogger.java:61] - Started SystemApplication in 2.114 seconds (JVM running for 2.572)
2023-12-19 14:35:13,215 INFO [main][SystemApplication.java:34] - 
----------------------------------------------------------
	Application MyNote-system is running! Access URLs:
	local: 	http://localhost:8001/doc.html
	Swagger文档: 	http://192.168.0.147:8001/doc.html
----------------------------------------------------------
2023-12-19 14:35:13,215 INFO [main][SystemApplication.java:34] - 
----------------------------------------------------------
	Application MyNote-system is running! Access URLs:
	local: 	http://localhost:8001/doc.html
	Swagger文档: 	http://192.168.0.147:8001/doc.html
----------------------------------------------------------
2023-12-19 14:35:24,962 INFO [http-nio-8001-exec-1][DirectJDKLog.java:173] - Initializing Spring DispatcherServlet 'dispatcherServlet'
2023-12-19 14:35:24,962 INFO [http-nio-8001-exec-1][DirectJDKLog.java:173] - Initializing Spring DispatcherServlet 'dispatcherServlet'
2023-12-19 14:35:24,962 INFO [http-nio-8001-exec-1][FrameworkServlet.java:525] - Initializing Servlet 'dispatcherServlet'
2023-12-19 14:35:24,962 INFO [http-nio-8001-exec-1][FrameworkServlet.java:525] - Initializing Servlet 'dispatcherServlet'
2023-12-19 14:35:24,963 INFO [http-nio-8001-exec-1][FrameworkServlet.java:547] - Completed initialization in 1 ms
2023-12-19 14:35:24,963 INFO [http-nio-8001-exec-1][FrameworkServlet.java:547] - Completed initialization in 1 ms
2023-12-19 14:35:25,075 INFO [http-nio-8001-exec-1][HikariDataSource.java:110] - HikariPool-1 - Starting...
2023-12-19 14:35:25,075 INFO [http-nio-8001-exec-1][HikariDataSource.java:110] - HikariPool-1 - Starting...
2023-12-19 14:35:25,199 INFO [http-nio-8001-exec-1][HikariDataSource.java:123] - HikariPool-1 - Start completed.
2023-12-19 14:35:25,199 INFO [http-nio-8001-exec-1][HikariDataSource.java:123] - HikariPool-1 - Start completed.
