2023-12-19 11:01:26,490 INFO [main][StartupInfoLogger.java:55] - Starting SystemApplication using Java 11.0.20 on zzadmin with PID 10832 (E:\workspace\java\MyNote\myNote-system\target\classes started by Administrator in E:\workspace\java\MyNote)
2023-12-19 11:01:26,490 INFO [main][StartupInfoLogger.java:55] - Starting SystemApplication using Java 11.0.20 on zzadmin with PID 10832 (E:\workspace\java\MyNote\myNote-system\target\classes started by Administrator in E:\workspace\java\MyNote)
2023-12-19 11:01:26,499 INFO [main][SpringApplication.java:646] - The following 1 profile is active: "dev"
2023-12-19 11:01:26,499 INFO [main][SpringApplication.java:646] - The following 1 profile is active: "dev"
2023-12-19 11:01:26,931 INFO [main][RepositoryConfigurationDelegate.java:262] - Multiple Spring Data modules found, entering strict repository configuration mode!
2023-12-19 11:01:26,931 INFO [main][RepositoryConfigurationDelegate.java:262] - Multiple Spring Data modules found, entering strict repository configuration mode!
2023-12-19 11:01:26,978 INFO [main][RepositoryConfigurationDelegate.java:132] - Bootstrapping Spring Data Redis repositories in DEFAULT mode.
2023-12-19 11:01:26,978 INFO [main][RepositoryConfigurationDelegate.java:132] - Bootstrapping Spring Data Redis repositories in DEFAULT mode.
2023-12-19 11:01:26,990 INFO [main][RepositoryConfigurationDelegate.java:201] - Finished Spring Data repository scanning in 4 ms. Found 0 Redis repository interfaces.
2023-12-19 11:01:26,990 INFO [main][RepositoryConfigurationDelegate.java:201] - Finished Spring Data repository scanning in 4 ms. Found 0 Redis repository interfaces.
2023-12-19 11:01:27,255 INFO [main][TomcatWebServer.java:108] - Tomcat initialized with port(s): 8001 (http)
2023-12-19 11:01:27,255 INFO [main][TomcatWebServer.java:108] - Tomcat initialized with port(s): 8001 (http)
2023-12-19 11:01:27,255 INFO [main][DirectJDKLog.java:173] - Loaded Apache Tomcat Native library [1.2.38] using APR version [1.7.4].
2023-12-19 11:01:27,255 INFO [main][DirectJDKLog.java:173] - Loaded Apache Tomcat Native library [1.2.38] using APR version [1.7.4].
2023-12-19 11:01:27,256 INFO [main][DirectJDKLog.java:173] - APR capabilities: IPv6 [true], sendfile [true], accept filters [false], random [true], UDS [true].
2023-12-19 11:01:27,256 INFO [main][DirectJDKLog.java:173] - APR capabilities: IPv6 [true], sendfile [true], accept filters [false], random [true], UDS [true].
2023-12-19 11:01:27,256 INFO [main][DirectJDKLog.java:173] - APR/OpenSSL configuration: useAprConnector [false], useOpenSSL [true]
2023-12-19 11:01:27,256 INFO [main][DirectJDKLog.java:173] - APR/OpenSSL configuration: useAprConnector [false], useOpenSSL [true]
2023-12-19 11:01:27,258 INFO [main][DirectJDKLog.java:173] - OpenSSL successfully initialized [OpenSSL 1.1.1v  1 Aug 2023]
2023-12-19 11:01:27,258 INFO [main][DirectJDKLog.java:173] - OpenSSL successfully initialized [OpenSSL 1.1.1v  1 Aug 2023]
2023-12-19 11:01:27,263 INFO [main][DirectJDKLog.java:173] - Initializing ProtocolHandler ["http-nio-8001"]
2023-12-19 11:01:27,263 INFO [main][DirectJDKLog.java:173] - Initializing ProtocolHandler ["http-nio-8001"]
2023-12-19 11:01:27,263 INFO [main][DirectJDKLog.java:173] - Starting service [Tomcat]
2023-12-19 11:01:27,263 INFO [main][DirectJDKLog.java:173] - Starting service [Tomcat]
2023-12-19 11:01:27,263 INFO [main][DirectJDKLog.java:173] - Starting Servlet engine: [Apache Tomcat/9.0.60]
2023-12-19 11:01:27,263 INFO [main][DirectJDKLog.java:173] - Starting Servlet engine: [Apache Tomcat/9.0.60]
2023-12-19 11:01:27,338 INFO [main][DirectJDKLog.java:173] - Initializing Spring embedded WebApplicationContext
2023-12-19 11:01:27,338 INFO [main][DirectJDKLog.java:173] - Initializing Spring embedded WebApplicationContext
2023-12-19 11:01:27,338 INFO [main][ServletWebServerApplicationContext.java:290] - Root WebApplicationContext: initialization completed in 820 ms
2023-12-19 11:01:27,338 INFO [main][ServletWebServerApplicationContext.java:290] - Root WebApplicationContext: initialization completed in 820 ms
2023-12-19 11:01:28,196 INFO [main][DirectJDKLog.java:173] - Starting ProtocolHandler ["http-nio-8001"]
2023-12-19 11:01:28,196 INFO [main][DirectJDKLog.java:173] - Starting ProtocolHandler ["http-nio-8001"]
2023-12-19 11:01:28,206 INFO [main][TomcatWebServer.java:220] - Tomcat started on port(s): 8001 (http) with context path ''
2023-12-19 11:01:28,206 INFO [main][TomcatWebServer.java:220] - Tomcat started on port(s): 8001 (http) with context path ''
2023-12-19 11:01:28,332 INFO [main][StartupInfoLogger.java:61] - Started SystemApplication in 2.08 seconds (JVM running for 2.621)
2023-12-19 11:01:28,332 INFO [main][StartupInfoLogger.java:61] - Started SystemApplication in 2.08 seconds (JVM running for 2.621)
2023-12-19 11:01:28,336 INFO [main][SystemApplication.java:34] - 
----------------------------------------------------------
	Application MyNote-system is running! Access URLs:
	local: 	http://localhost:8001/doc.html
	Swagger文档: 	http://192.168.0.147:8001/doc.html
----------------------------------------------------------
2023-12-19 11:01:28,336 INFO [main][SystemApplication.java:34] - 
----------------------------------------------------------
	Application MyNote-system is running! Access URLs:
	local: 	http://localhost:8001/doc.html
	Swagger文档: 	http://192.168.0.147:8001/doc.html
----------------------------------------------------------
2023-12-19 11:06:13,749 INFO [main][StartupInfoLogger.java:55] - Starting SystemApplication using Java 11.0.20 on zzadmin with PID 14276 (E:\workspace\java\MyNote\myNote-system\target\classes started by Administrator in E:\workspace\java\MyNote)
2023-12-19 11:06:13,749 INFO [main][StartupInfoLogger.java:55] - Starting SystemApplication using Java 11.0.20 on zzadmin with PID 14276 (E:\workspace\java\MyNote\myNote-system\target\classes started by Administrator in E:\workspace\java\MyNote)
2023-12-19 11:06:13,754 INFO [main][SpringApplication.java:646] - The following 1 profile is active: "dev"
2023-12-19 11:06:13,754 INFO [main][SpringApplication.java:646] - The following 1 profile is active: "dev"
2023-12-19 11:06:14,159 INFO [main][RepositoryConfigurationDelegate.java:262] - Multiple Spring Data modules found, entering strict repository configuration mode!
2023-12-19 11:06:14,159 INFO [main][RepositoryConfigurationDelegate.java:262] - Multiple Spring Data modules found, entering strict repository configuration mode!
2023-12-19 11:06:14,160 INFO [main][RepositoryConfigurationDelegate.java:132] - Bootstrapping Spring Data Redis repositories in DEFAULT mode.
2023-12-19 11:06:14,160 INFO [main][RepositoryConfigurationDelegate.java:132] - Bootstrapping Spring Data Redis repositories in DEFAULT mode.
2023-12-19 11:06:14,171 INFO [main][RepositoryConfigurationDelegate.java:201] - Finished Spring Data repository scanning in 4 ms. Found 0 Redis repository interfaces.
2023-12-19 11:06:14,171 INFO [main][RepositoryConfigurationDelegate.java:201] - Finished Spring Data repository scanning in 4 ms. Found 0 Redis repository interfaces.
2023-12-19 11:06:14,456 INFO [main][TomcatWebServer.java:108] - Tomcat initialized with port(s): 8001 (http)
2023-12-19 11:06:14,456 INFO [main][TomcatWebServer.java:108] - Tomcat initialized with port(s): 8001 (http)
2023-12-19 11:06:14,457 INFO [main][DirectJDKLog.java:173] - Loaded Apache Tomcat Native library [1.2.38] using APR version [1.7.4].
2023-12-19 11:06:14,457 INFO [main][DirectJDKLog.java:173] - Loaded Apache Tomcat Native library [1.2.38] using APR version [1.7.4].
2023-12-19 11:06:14,458 INFO [main][DirectJDKLog.java:173] - APR capabilities: IPv6 [true], sendfile [true], accept filters [false], random [true], UDS [true].
2023-12-19 11:06:14,458 INFO [main][DirectJDKLog.java:173] - APR capabilities: IPv6 [true], sendfile [true], accept filters [false], random [true], UDS [true].
2023-12-19 11:06:14,458 INFO [main][DirectJDKLog.java:173] - APR/OpenSSL configuration: useAprConnector [false], useOpenSSL [true]
2023-12-19 11:06:14,458 INFO [main][DirectJDKLog.java:173] - APR/OpenSSL configuration: useAprConnector [false], useOpenSSL [true]
2023-12-19 11:06:14,460 INFO [main][DirectJDKLog.java:173] - OpenSSL successfully initialized [OpenSSL 1.1.1v  1 Aug 2023]
2023-12-19 11:06:14,460 INFO [main][DirectJDKLog.java:173] - OpenSSL successfully initialized [OpenSSL 1.1.1v  1 Aug 2023]
2023-12-19 11:06:14,464 INFO [main][DirectJDKLog.java:173] - Initializing ProtocolHandler ["http-nio-8001"]
2023-12-19 11:06:14,464 INFO [main][DirectJDKLog.java:173] - Initializing ProtocolHandler ["http-nio-8001"]
2023-12-19 11:06:14,464 INFO [main][DirectJDKLog.java:173] - Starting service [Tomcat]
2023-12-19 11:06:14,464 INFO [main][DirectJDKLog.java:173] - Starting service [Tomcat]
2023-12-19 11:06:14,464 INFO [main][DirectJDKLog.java:173] - Starting Servlet engine: [Apache Tomcat/9.0.60]
2023-12-19 11:06:14,464 INFO [main][DirectJDKLog.java:173] - Starting Servlet engine: [Apache Tomcat/9.0.60]
2023-12-19 11:06:14,513 INFO [main][DirectJDKLog.java:173] - Initializing Spring embedded WebApplicationContext
2023-12-19 11:06:14,513 INFO [main][DirectJDKLog.java:173] - Initializing Spring embedded WebApplicationContext
2023-12-19 11:06:14,513 INFO [main][ServletWebServerApplicationContext.java:290] - Root WebApplicationContext: initialization completed in 741 ms
2023-12-19 11:06:14,513 INFO [main][ServletWebServerApplicationContext.java:290] - Root WebApplicationContext: initialization completed in 741 ms
2023-12-19 11:06:15,320 INFO [main][DirectJDKLog.java:173] - Starting ProtocolHandler ["http-nio-8001"]
2023-12-19 11:06:15,320 INFO [main][DirectJDKLog.java:173] - Starting ProtocolHandler ["http-nio-8001"]
2023-12-19 11:06:15,330 INFO [main][TomcatWebServer.java:220] - Tomcat started on port(s): 8001 (http) with context path ''
2023-12-19 11:06:15,330 INFO [main][TomcatWebServer.java:220] - Tomcat started on port(s): 8001 (http) with context path ''
2023-12-19 11:06:15,450 INFO [main][StartupInfoLogger.java:61] - Started SystemApplication in 1.942 seconds (JVM running for 2.429)
2023-12-19 11:06:15,450 INFO [main][StartupInfoLogger.java:61] - Started SystemApplication in 1.942 seconds (JVM running for 2.429)
2023-12-19 11:06:15,453 INFO [main][SystemApplication.java:34] - 
----------------------------------------------------------
	Application MyNote-system is running! Access URLs:
	local: 	http://localhost:8001/doc.html
	Swagger文档: 	http://192.168.0.147:8001/doc.html
----------------------------------------------------------
2023-12-19 11:06:15,453 INFO [main][SystemApplication.java:34] - 
----------------------------------------------------------
	Application MyNote-system is running! Access URLs:
	local: 	http://localhost:8001/doc.html
	Swagger文档: 	http://192.168.0.147:8001/doc.html
----------------------------------------------------------
2023-12-19 11:07:17,552 INFO [http-nio-8001-exec-1][DirectJDKLog.java:173] - Initializing Spring DispatcherServlet 'dispatcherServlet'
2023-12-19 11:07:17,552 INFO [http-nio-8001-exec-1][DirectJDKLog.java:173] - Initializing Spring DispatcherServlet 'dispatcherServlet'
2023-12-19 11:07:17,553 INFO [http-nio-8001-exec-1][FrameworkServlet.java:525] - Initializing Servlet 'dispatcherServlet'
2023-12-19 11:07:17,553 INFO [http-nio-8001-exec-1][FrameworkServlet.java:525] - Initializing Servlet 'dispatcherServlet'
2023-12-19 11:07:17,554 INFO [http-nio-8001-exec-1][FrameworkServlet.java:547] - Completed initialization in 1 ms
2023-12-19 11:07:17,554 INFO [http-nio-8001-exec-1][FrameworkServlet.java:547] - Completed initialization in 1 ms
2023-12-19 11:07:47,664 INFO [http-nio-8001-exec-6][HikariDataSource.java:110] - HikariPool-1 - Starting...
2023-12-19 11:07:47,664 INFO [http-nio-8001-exec-6][HikariDataSource.java:110] - HikariPool-1 - Starting...
2023-12-19 11:07:47,791 INFO [http-nio-8001-exec-6][HikariDataSource.java:123] - HikariPool-1 - Start completed.
2023-12-19 11:07:47,791 INFO [http-nio-8001-exec-6][HikariDataSource.java:123] - HikariPool-1 - Start completed.
2023-12-19 11:07:47,854 ERROR [http-nio-8001-exec-6][DirectJDKLog.java:175] - Servlet.service() for servlet [dispatcherServlet] in context with path [] threw exception [Handler dispatch failed; nested exception is java.lang.NoClassDefFoundError: com/mynote/sys/utils/CryptUtil] with root cause
java.lang.ClassNotFoundException: com.mynote.sys.utils.CryptUtil
	at java.base/jdk.internal.loader.BuiltinClassLoader.loadClass(BuiltinClassLoader.java:581)
	at java.base/jdk.internal.loader.ClassLoaders$AppClassLoader.loadClass(ClassLoaders.java:178)
	at java.base/java.lang.ClassLoader.loadClass(ClassLoader.java:521)
	at com.mynote.sys.controller.UserController.login(UserController.java:93)
	at java.base/jdk.internal.reflect.NativeMethodAccessorImpl.invoke0(Native Method)
	at java.base/jdk.internal.reflect.NativeMethodAccessorImpl.invoke(NativeMethodAccessorImpl.java:62)
	at java.base/jdk.internal.reflect.DelegatingMethodAccessorImpl.invoke(DelegatingMethodAccessorImpl.java:43)
	at java.base/java.lang.reflect.Method.invoke(Method.java:566)
	at org.springframework.web.method.support.InvocableHandlerMethod.doInvoke(InvocableHandlerMethod.java:205)
	at org.springframework.web.method.support.InvocableHandlerMethod.invokeForRequest(InvocableHandlerMethod.java:150)
	at org.springframework.web.servlet.mvc.method.annotation.ServletInvocableHandlerMethod.invokeAndHandle(ServletInvocableHandlerMethod.java:117)
	at org.springframework.web.servlet.mvc.method.annotation.RequestMappingHandlerAdapter.invokeHandlerMethod(RequestMappingHandlerAdapter.java:895)
	at org.springframework.web.servlet.mvc.method.annotation.RequestMappingHandlerAdapter.handleInternal(RequestMappingHandlerAdapter.java:808)
	at org.springframework.web.servlet.mvc.method.AbstractHandlerMethodAdapter.handle(AbstractHandlerMethodAdapter.java:87)
	at org.springframework.web.servlet.DispatcherServlet.doDispatch(DispatcherServlet.java:1067)
	at org.springframework.web.servlet.DispatcherServlet.doService(DispatcherServlet.java:963)
	at org.springframework.web.servlet.FrameworkServlet.processRequest(FrameworkServlet.java:1006)
	at org.springframework.web.servlet.FrameworkServlet.doPost(FrameworkServlet.java:909)
	at javax.servlet.http.HttpServlet.service(HttpServlet.java:681)
	at org.springframework.web.servlet.FrameworkServlet.service(FrameworkServlet.java:883)
	at javax.servlet.http.HttpServlet.service(HttpServlet.java:764)
	at org.apache.catalina.core.ApplicationFilterChain.internalDoFilter(ApplicationFilterChain.java:227)
	at org.apache.catalina.core.ApplicationFilterChain.doFilter(ApplicationFilterChain.java:162)
	at org.apache.tomcat.websocket.server.WsFilter.doFilter(WsFilter.java:53)
	at org.apache.catalina.core.ApplicationFilterChain.internalDoFilter(ApplicationFilterChain.java:189)
	at org.apache.catalina.core.ApplicationFilterChain.doFilter(ApplicationFilterChain.java:162)
	at com.github.xiaoymin.knife4j.spring.filter.SecurityBasicAuthFilter.doFilter(SecurityBasicAuthFilter.java:87)
	at org.apache.catalina.core.ApplicationFilterChain.internalDoFilter(ApplicationFilterChain.java:189)
	at org.apache.catalina.core.ApplicationFilterChain.doFilter(ApplicationFilterChain.java:162)
	at org.springframework.web.filter.RequestContextFilter.doFilterInternal(RequestContextFilter.java:100)
	at org.springframework.web.filter.OncePerRequestFilter.doFilter(OncePerRequestFilter.java:117)
	at org.apache.catalina.core.ApplicationFilterChain.internalDoFilter(ApplicationFilterChain.java:189)
	at org.apache.catalina.core.ApplicationFilterChain.doFilter(ApplicationFilterChain.java:162)
	at org.springframework.web.filter.FormContentFilter.doFilterInternal(FormContentFilter.java:93)
	at org.springframework.web.filter.OncePerRequestFilter.doFilter(OncePerRequestFilter.java:117)
	at org.apache.catalina.core.ApplicationFilterChain.internalDoFilter(ApplicationFilterChain.java:189)
	at org.apache.catalina.core.ApplicationFilterChain.doFilter(ApplicationFilterChain.java:162)
	at org.springframework.web.filter.CharacterEncodingFilter.doFilterInternal(CharacterEncodingFilter.java:201)
	at org.springframework.web.filter.OncePerRequestFilter.doFilter(OncePerRequestFilter.java:117)
	at org.apache.catalina.core.ApplicationFilterChain.internalDoFilter(ApplicationFilterChain.java:189)
	at org.apache.catalina.core.ApplicationFilterChain.doFilter(ApplicationFilterChain.java:162)
	at org.apache.catalina.core.StandardWrapperValve.invoke(StandardWrapperValve.java:197)
	at org.apache.catalina.core.StandardContextValve.invoke(StandardContextValve.java:97)
	at org.apache.catalina.authenticator.AuthenticatorBase.invoke(AuthenticatorBase.java:541)
	at org.apache.catalina.core.StandardHostValve.invoke(StandardHostValve.java:135)
	at org.apache.catalina.valves.ErrorReportValve.invoke(ErrorReportValve.java:92)
	at org.apache.catalina.core.StandardEngineValve.invoke(StandardEngineValve.java:78)
	at org.apache.catalina.connector.CoyoteAdapter.service(CoyoteAdapter.java:360)
	at org.apache.coyote.http11.Http11Processor.service(Http11Processor.java:399)
	at org.apache.coyote.AbstractProcessorLight.process(AbstractProcessorLight.java:65)
	at org.apache.coyote.AbstractProtocol$ConnectionHandler.process(AbstractProtocol.java:889)
	at org.apache.tomcat.util.net.NioEndpoint$SocketProcessor.doRun(NioEndpoint.java:1743)
	at org.apache.tomcat.util.net.SocketProcessorBase.run(SocketProcessorBase.java:49)
	at org.apache.tomcat.util.threads.ThreadPoolExecutor.runWorker(ThreadPoolExecutor.java:1191)
	at org.apache.tomcat.util.threads.ThreadPoolExecutor$Worker.run(ThreadPoolExecutor.java:659)
	at org.apache.tomcat.util.threads.TaskThread$WrappingRunnable.run(TaskThread.java:61)
	at java.base/java.lang.Thread.run(Thread.java:834)
2023-12-19 11:07:47,854 ERROR [http-nio-8001-exec-6][DirectJDKLog.java:175] - Servlet.service() for servlet [dispatcherServlet] in context with path [] threw exception [Handler dispatch failed; nested exception is java.lang.NoClassDefFoundError: com/mynote/sys/utils/CryptUtil] with root cause
java.lang.ClassNotFoundException: com.mynote.sys.utils.CryptUtil
	at java.base/jdk.internal.loader.BuiltinClassLoader.loadClass(BuiltinClassLoader.java:581)
	at java.base/jdk.internal.loader.ClassLoaders$AppClassLoader.loadClass(ClassLoaders.java:178)
	at java.base/java.lang.ClassLoader.loadClass(ClassLoader.java:521)
	at com.mynote.sys.controller.UserController.login(UserController.java:93)
	at java.base/jdk.internal.reflect.NativeMethodAccessorImpl.invoke0(Native Method)
	at java.base/jdk.internal.reflect.NativeMethodAccessorImpl.invoke(NativeMethodAccessorImpl.java:62)
	at java.base/jdk.internal.reflect.DelegatingMethodAccessorImpl.invoke(DelegatingMethodAccessorImpl.java:43)
	at java.base/java.lang.reflect.Method.invoke(Method.java:566)
	at org.springframework.web.method.support.InvocableHandlerMethod.doInvoke(InvocableHandlerMethod.java:205)
	at org.springframework.web.method.support.InvocableHandlerMethod.invokeForRequest(InvocableHandlerMethod.java:150)
	at org.springframework.web.servlet.mvc.method.annotation.ServletInvocableHandlerMethod.invokeAndHandle(ServletInvocableHandlerMethod.java:117)
	at org.springframework.web.servlet.mvc.method.annotation.RequestMappingHandlerAdapter.invokeHandlerMethod(RequestMappingHandlerAdapter.java:895)
	at org.springframework.web.servlet.mvc.method.annotation.RequestMappingHandlerAdapter.handleInternal(RequestMappingHandlerAdapter.java:808)
	at org.springframework.web.servlet.mvc.method.AbstractHandlerMethodAdapter.handle(AbstractHandlerMethodAdapter.java:87)
	at org.springframework.web.servlet.DispatcherServlet.doDispatch(DispatcherServlet.java:1067)
	at org.springframework.web.servlet.DispatcherServlet.doService(DispatcherServlet.java:963)
	at org.springframework.web.servlet.FrameworkServlet.processRequest(FrameworkServlet.java:1006)
	at org.springframework.web.servlet.FrameworkServlet.doPost(FrameworkServlet.java:909)
	at javax.servlet.http.HttpServlet.service(HttpServlet.java:681)
	at org.springframework.web.servlet.FrameworkServlet.service(FrameworkServlet.java:883)
	at javax.servlet.http.HttpServlet.service(HttpServlet.java:764)
	at org.apache.catalina.core.ApplicationFilterChain.internalDoFilter(ApplicationFilterChain.java:227)
	at org.apache.catalina.core.ApplicationFilterChain.doFilter(ApplicationFilterChain.java:162)
	at org.apache.tomcat.websocket.server.WsFilter.doFilter(WsFilter.java:53)
	at org.apache.catalina.core.ApplicationFilterChain.internalDoFilter(ApplicationFilterChain.java:189)
	at org.apache.catalina.core.ApplicationFilterChain.doFilter(ApplicationFilterChain.java:162)
	at com.github.xiaoymin.knife4j.spring.filter.SecurityBasicAuthFilter.doFilter(SecurityBasicAuthFilter.java:87)
	at org.apache.catalina.core.ApplicationFilterChain.internalDoFilter(ApplicationFilterChain.java:189)
	at org.apache.catalina.core.ApplicationFilterChain.doFilter(ApplicationFilterChain.java:162)
	at org.springframework.web.filter.RequestContextFilter.doFilterInternal(RequestContextFilter.java:100)
	at org.springframework.web.filter.OncePerRequestFilter.doFilter(OncePerRequestFilter.java:117)
	at org.apache.catalina.core.ApplicationFilterChain.internalDoFilter(ApplicationFilterChain.java:189)
	at org.apache.catalina.core.ApplicationFilterChain.doFilter(ApplicationFilterChain.java:162)
	at org.springframework.web.filter.FormContentFilter.doFilterInternal(FormContentFilter.java:93)
	at org.springframework.web.filter.OncePerRequestFilter.doFilter(OncePerRequestFilter.java:117)
	at org.apache.catalina.core.ApplicationFilterChain.internalDoFilter(ApplicationFilterChain.java:189)
	at org.apache.catalina.core.ApplicationFilterChain.doFilter(ApplicationFilterChain.java:162)
	at org.springframework.web.filter.CharacterEncodingFilter.doFilterInternal(CharacterEncodingFilter.java:201)
	at org.springframework.web.filter.OncePerRequestFilter.doFilter(OncePerRequestFilter.java:117)
	at org.apache.catalina.core.ApplicationFilterChain.internalDoFilter(ApplicationFilterChain.java:189)
	at org.apache.catalina.core.ApplicationFilterChain.doFilter(ApplicationFilterChain.java:162)
	at org.apache.catalina.core.StandardWrapperValve.invoke(StandardWrapperValve.java:197)
	at org.apache.catalina.core.StandardContextValve.invoke(StandardContextValve.java:97)
	at org.apache.catalina.authenticator.AuthenticatorBase.invoke(AuthenticatorBase.java:541)
	at org.apache.catalina.core.StandardHostValve.invoke(StandardHostValve.java:135)
	at org.apache.catalina.valves.ErrorReportValve.invoke(ErrorReportValve.java:92)
	at org.apache.catalina.core.StandardEngineValve.invoke(StandardEngineValve.java:78)
	at org.apache.catalina.connector.CoyoteAdapter.service(CoyoteAdapter.java:360)
	at org.apache.coyote.http11.Http11Processor.service(Http11Processor.java:399)
	at org.apache.coyote.AbstractProcessorLight.process(AbstractProcessorLight.java:65)
	at org.apache.coyote.AbstractProtocol$ConnectionHandler.process(AbstractProtocol.java:889)
	at org.apache.tomcat.util.net.NioEndpoint$SocketProcessor.doRun(NioEndpoint.java:1743)
	at org.apache.tomcat.util.net.SocketProcessorBase.run(SocketProcessorBase.java:49)
	at org.apache.tomcat.util.threads.ThreadPoolExecutor.runWorker(ThreadPoolExecutor.java:1191)
	at org.apache.tomcat.util.threads.ThreadPoolExecutor$Worker.run(ThreadPoolExecutor.java:659)
	at org.apache.tomcat.util.threads.TaskThread$WrappingRunnable.run(TaskThread.java:61)
	at java.base/java.lang.Thread.run(Thread.java:834)
2023-12-19 11:10:13,506 INFO [SpringApplicationShutdownHook][HikariDataSource.java:350] - HikariPool-1 - Shutdown initiated...
2023-12-19 11:10:13,506 INFO [SpringApplicationShutdownHook][HikariDataSource.java:350] - HikariPool-1 - Shutdown initiated...
2023-12-19 11:10:13,514 INFO [SpringApplicationShutdownHook][HikariDataSource.java:352] - HikariPool-1 - Shutdown completed.
2023-12-19 11:10:13,514 INFO [SpringApplicationShutdownHook][HikariDataSource.java:352] - HikariPool-1 - Shutdown completed.
2023-12-19 11:10:58,952 INFO [main][StartupInfoLogger.java:55] - Starting SystemApplication using Java 11.0.20 on zzadmin with PID 16268 (E:\workspace\java\MyNote\myNote-system\target\classes started by Administrator in E:\workspace\java\MyNote)
2023-12-19 11:10:58,952 INFO [main][StartupInfoLogger.java:55] - Starting SystemApplication using Java 11.0.20 on zzadmin with PID 16268 (E:\workspace\java\MyNote\myNote-system\target\classes started by Administrator in E:\workspace\java\MyNote)
2023-12-19 11:10:58,958 INFO [main][SpringApplication.java:646] - The following 1 profile is active: "dev"
2023-12-19 11:10:58,958 INFO [main][SpringApplication.java:646] - The following 1 profile is active: "dev"
2023-12-19 11:10:59,387 INFO [main][RepositoryConfigurationDelegate.java:262] - Multiple Spring Data modules found, entering strict repository configuration mode!
2023-12-19 11:10:59,387 INFO [main][RepositoryConfigurationDelegate.java:262] - Multiple Spring Data modules found, entering strict repository configuration mode!
2023-12-19 11:10:59,388 INFO [main][RepositoryConfigurationDelegate.java:132] - Bootstrapping Spring Data Redis repositories in DEFAULT mode.
2023-12-19 11:10:59,388 INFO [main][RepositoryConfigurationDelegate.java:132] - Bootstrapping Spring Data Redis repositories in DEFAULT mode.
2023-12-19 11:10:59,402 INFO [main][RepositoryConfigurationDelegate.java:201] - Finished Spring Data repository scanning in 5 ms. Found 0 Redis repository interfaces.
2023-12-19 11:10:59,402 INFO [main][RepositoryConfigurationDelegate.java:201] - Finished Spring Data repository scanning in 5 ms. Found 0 Redis repository interfaces.
2023-12-19 11:10:59,691 INFO [main][TomcatWebServer.java:108] - Tomcat initialized with port(s): 8001 (http)
2023-12-19 11:10:59,691 INFO [main][TomcatWebServer.java:108] - Tomcat initialized with port(s): 8001 (http)
2023-12-19 11:10:59,692 INFO [main][DirectJDKLog.java:173] - Loaded Apache Tomcat Native library [1.2.38] using APR version [1.7.4].
2023-12-19 11:10:59,692 INFO [main][DirectJDKLog.java:173] - Loaded Apache Tomcat Native library [1.2.38] using APR version [1.7.4].
2023-12-19 11:10:59,692 INFO [main][DirectJDKLog.java:173] - APR capabilities: IPv6 [true], sendfile [true], accept filters [false], random [true], UDS [true].
2023-12-19 11:10:59,692 INFO [main][DirectJDKLog.java:173] - APR capabilities: IPv6 [true], sendfile [true], accept filters [false], random [true], UDS [true].
2023-12-19 11:10:59,693 INFO [main][DirectJDKLog.java:173] - APR/OpenSSL configuration: useAprConnector [false], useOpenSSL [true]
2023-12-19 11:10:59,693 INFO [main][DirectJDKLog.java:173] - APR/OpenSSL configuration: useAprConnector [false], useOpenSSL [true]
2023-12-19 11:10:59,694 INFO [main][DirectJDKLog.java:173] - OpenSSL successfully initialized [OpenSSL 1.1.1v  1 Aug 2023]
2023-12-19 11:10:59,694 INFO [main][DirectJDKLog.java:173] - OpenSSL successfully initialized [OpenSSL 1.1.1v  1 Aug 2023]
2023-12-19 11:10:59,699 INFO [main][DirectJDKLog.java:173] - Initializing ProtocolHandler ["http-nio-8001"]
2023-12-19 11:10:59,699 INFO [main][DirectJDKLog.java:173] - Initializing ProtocolHandler ["http-nio-8001"]
2023-12-19 11:10:59,699 INFO [main][DirectJDKLog.java:173] - Starting service [Tomcat]
2023-12-19 11:10:59,699 INFO [main][DirectJDKLog.java:173] - Starting service [Tomcat]
2023-12-19 11:10:59,700 INFO [main][DirectJDKLog.java:173] - Starting Servlet engine: [Apache Tomcat/9.0.60]
2023-12-19 11:10:59,700 INFO [main][DirectJDKLog.java:173] - Starting Servlet engine: [Apache Tomcat/9.0.60]
2023-12-19 11:10:59,757 INFO [main][DirectJDKLog.java:173] - Initializing Spring embedded WebApplicationContext
2023-12-19 11:10:59,757 INFO [main][DirectJDKLog.java:173] - Initializing Spring embedded WebApplicationContext
2023-12-19 11:10:59,758 INFO [main][ServletWebServerApplicationContext.java:290] - Root WebApplicationContext: initialization completed in 780 ms
2023-12-19 11:10:59,758 INFO [main][ServletWebServerApplicationContext.java:290] - Root WebApplicationContext: initialization completed in 780 ms
2023-12-19 11:11:00,596 INFO [main][DirectJDKLog.java:173] - Starting ProtocolHandler ["http-nio-8001"]
2023-12-19 11:11:00,596 INFO [main][DirectJDKLog.java:173] - Starting ProtocolHandler ["http-nio-8001"]
2023-12-19 11:11:00,605 INFO [main][TomcatWebServer.java:220] - Tomcat started on port(s): 8001 (http) with context path ''
2023-12-19 11:11:00,605 INFO [main][TomcatWebServer.java:220] - Tomcat started on port(s): 8001 (http) with context path ''
2023-12-19 11:11:00,727 INFO [main][StartupInfoLogger.java:61] - Started SystemApplication in 2.018 seconds (JVM running for 2.497)
2023-12-19 11:11:00,727 INFO [main][StartupInfoLogger.java:61] - Started SystemApplication in 2.018 seconds (JVM running for 2.497)
2023-12-19 11:11:00,731 INFO [main][SystemApplication.java:34] - 
----------------------------------------------------------
	Application MyNote-system is running! Access URLs:
	local: 	http://localhost:8001/doc.html
	Swagger文档: 	http://192.168.0.147:8001/doc.html
----------------------------------------------------------
2023-12-19 11:11:00,731 INFO [main][SystemApplication.java:34] - 
----------------------------------------------------------
	Application MyNote-system is running! Access URLs:
	local: 	http://localhost:8001/doc.html
	Swagger文档: 	http://192.168.0.147:8001/doc.html
----------------------------------------------------------
2023-12-19 11:11:22,704 INFO [http-nio-8001-exec-1][DirectJDKLog.java:173] - Initializing Spring DispatcherServlet 'dispatcherServlet'
2023-12-19 11:11:22,704 INFO [http-nio-8001-exec-1][DirectJDKLog.java:173] - Initializing Spring DispatcherServlet 'dispatcherServlet'
2023-12-19 11:11:22,704 INFO [http-nio-8001-exec-1][FrameworkServlet.java:525] - Initializing Servlet 'dispatcherServlet'
2023-12-19 11:11:22,704 INFO [http-nio-8001-exec-1][FrameworkServlet.java:525] - Initializing Servlet 'dispatcherServlet'
2023-12-19 11:11:22,707 INFO [http-nio-8001-exec-1][FrameworkServlet.java:547] - Completed initialization in 3 ms
2023-12-19 11:11:22,707 INFO [http-nio-8001-exec-1][FrameworkServlet.java:547] - Completed initialization in 3 ms
2023-12-19 11:11:23,162 ERROR [http-nio-8001-exec-1][DirectJDKLog.java:175] - Servlet.service() for servlet [dispatcherServlet] in context with path [] threw exception [Request processing failed; nested exception is NoteException{code=505, message=验证码错误}] with root cause
NoteException{code=505, message=验证码错误}
	at com.mynote.sys.controller.UserController.login(UserController.java:84)
	at java.base/jdk.internal.reflect.NativeMethodAccessorImpl.invoke0(Native Method)
	at java.base/jdk.internal.reflect.NativeMethodAccessorImpl.invoke(NativeMethodAccessorImpl.java:62)
	at java.base/jdk.internal.reflect.DelegatingMethodAccessorImpl.invoke(DelegatingMethodAccessorImpl.java:43)
	at java.base/java.lang.reflect.Method.invoke(Method.java:566)
	at org.springframework.web.method.support.InvocableHandlerMethod.doInvoke(InvocableHandlerMethod.java:205)
	at org.springframework.web.method.support.InvocableHandlerMethod.invokeForRequest(InvocableHandlerMethod.java:150)
	at org.springframework.web.servlet.mvc.method.annotation.ServletInvocableHandlerMethod.invokeAndHandle(ServletInvocableHandlerMethod.java:117)
	at org.springframework.web.servlet.mvc.method.annotation.RequestMappingHandlerAdapter.invokeHandlerMethod(RequestMappingHandlerAdapter.java:895)
	at org.springframework.web.servlet.mvc.method.annotation.RequestMappingHandlerAdapter.handleInternal(RequestMappingHandlerAdapter.java:808)
	at org.springframework.web.servlet.mvc.method.AbstractHandlerMethodAdapter.handle(AbstractHandlerMethodAdapter.java:87)
	at org.springframework.web.servlet.DispatcherServlet.doDispatch(DispatcherServlet.java:1067)
	at org.springframework.web.servlet.DispatcherServlet.doService(DispatcherServlet.java:963)
	at org.springframework.web.servlet.FrameworkServlet.processRequest(FrameworkServlet.java:1006)
	at org.springframework.web.servlet.FrameworkServlet.doPost(FrameworkServlet.java:909)
	at javax.servlet.http.HttpServlet.service(HttpServlet.java:681)
	at org.springframework.web.servlet.FrameworkServlet.service(FrameworkServlet.java:883)
	at javax.servlet.http.HttpServlet.service(HttpServlet.java:764)
	at org.apache.catalina.core.ApplicationFilterChain.internalDoFilter(ApplicationFilterChain.java:227)
	at org.apache.catalina.core.ApplicationFilterChain.doFilter(ApplicationFilterChain.java:162)
	at org.apache.tomcat.websocket.server.WsFilter.doFilter(WsFilter.java:53)
	at org.apache.catalina.core.ApplicationFilterChain.internalDoFilter(ApplicationFilterChain.java:189)
	at org.apache.catalina.core.ApplicationFilterChain.doFilter(ApplicationFilterChain.java:162)
	at com.github.xiaoymin.knife4j.spring.filter.SecurityBasicAuthFilter.doFilter(SecurityBasicAuthFilter.java:87)
	at org.apache.catalina.core.ApplicationFilterChain.internalDoFilter(ApplicationFilterChain.java:189)
	at org.apache.catalina.core.ApplicationFilterChain.doFilter(ApplicationFilterChain.java:162)
	at org.springframework.web.filter.RequestContextFilter.doFilterInternal(RequestContextFilter.java:100)
	at org.springframework.web.filter.OncePerRequestFilter.doFilter(OncePerRequestFilter.java:117)
	at org.apache.catalina.core.ApplicationFilterChain.internalDoFilter(ApplicationFilterChain.java:189)
	at org.apache.catalina.core.ApplicationFilterChain.doFilter(ApplicationFilterChain.java:162)
	at org.springframework.web.filter.FormContentFilter.doFilterInternal(FormContentFilter.java:93)
	at org.springframework.web.filter.OncePerRequestFilter.doFilter(OncePerRequestFilter.java:117)
	at org.apache.catalina.core.ApplicationFilterChain.internalDoFilter(ApplicationFilterChain.java:189)
	at org.apache.catalina.core.ApplicationFilterChain.doFilter(ApplicationFilterChain.java:162)
	at org.springframework.web.filter.CharacterEncodingFilter.doFilterInternal(CharacterEncodingFilter.java:201)
	at org.springframework.web.filter.OncePerRequestFilter.doFilter(OncePerRequestFilter.java:117)
	at org.apache.catalina.core.ApplicationFilterChain.internalDoFilter(ApplicationFilterChain.java:189)
	at org.apache.catalina.core.ApplicationFilterChain.doFilter(ApplicationFilterChain.java:162)
	at org.apache.catalina.core.StandardWrapperValve.invoke(StandardWrapperValve.java:197)
	at org.apache.catalina.core.StandardContextValve.invoke(StandardContextValve.java:97)
	at org.apache.catalina.authenticator.AuthenticatorBase.invoke(AuthenticatorBase.java:541)
	at org.apache.catalina.core.StandardHostValve.invoke(StandardHostValve.java:135)
	at org.apache.catalina.valves.ErrorReportValve.invoke(ErrorReportValve.java:92)
	at org.apache.catalina.core.StandardEngineValve.invoke(StandardEngineValve.java:78)
	at org.apache.catalina.connector.CoyoteAdapter.service(CoyoteAdapter.java:360)
	at org.apache.coyote.http11.Http11Processor.service(Http11Processor.java:399)
	at org.apache.coyote.AbstractProcessorLight.process(AbstractProcessorLight.java:65)
	at org.apache.coyote.AbstractProtocol$ConnectionHandler.process(AbstractProtocol.java:889)
	at org.apache.tomcat.util.net.NioEndpoint$SocketProcessor.doRun(NioEndpoint.java:1743)
	at org.apache.tomcat.util.net.SocketProcessorBase.run(SocketProcessorBase.java:49)
	at org.apache.tomcat.util.threads.ThreadPoolExecutor.runWorker(ThreadPoolExecutor.java:1191)
	at org.apache.tomcat.util.threads.ThreadPoolExecutor$Worker.run(ThreadPoolExecutor.java:659)
	at org.apache.tomcat.util.threads.TaskThread$WrappingRunnable.run(TaskThread.java:61)
	at java.base/java.lang.Thread.run(Thread.java:834)
2023-12-19 11:11:23,162 ERROR [http-nio-8001-exec-1][DirectJDKLog.java:175] - Servlet.service() for servlet [dispatcherServlet] in context with path [] threw exception [Request processing failed; nested exception is NoteException{code=505, message=验证码错误}] with root cause
NoteException{code=505, message=验证码错误}
	at com.mynote.sys.controller.UserController.login(UserController.java:84)
	at java.base/jdk.internal.reflect.NativeMethodAccessorImpl.invoke0(Native Method)
	at java.base/jdk.internal.reflect.NativeMethodAccessorImpl.invoke(NativeMethodAccessorImpl.java:62)
	at java.base/jdk.internal.reflect.DelegatingMethodAccessorImpl.invoke(DelegatingMethodAccessorImpl.java:43)
	at java.base/java.lang.reflect.Method.invoke(Method.java:566)
	at org.springframework.web.method.support.InvocableHandlerMethod.doInvoke(InvocableHandlerMethod.java:205)
	at org.springframework.web.method.support.InvocableHandlerMethod.invokeForRequest(InvocableHandlerMethod.java:150)
	at org.springframework.web.servlet.mvc.method.annotation.ServletInvocableHandlerMethod.invokeAndHandle(ServletInvocableHandlerMethod.java:117)
	at org.springframework.web.servlet.mvc.method.annotation.RequestMappingHandlerAdapter.invokeHandlerMethod(RequestMappingHandlerAdapter.java:895)
	at org.springframework.web.servlet.mvc.method.annotation.RequestMappingHandlerAdapter.handleInternal(RequestMappingHandlerAdapter.java:808)
	at org.springframework.web.servlet.mvc.method.AbstractHandlerMethodAdapter.handle(AbstractHandlerMethodAdapter.java:87)
	at org.springframework.web.servlet.DispatcherServlet.doDispatch(DispatcherServlet.java:1067)
	at org.springframework.web.servlet.DispatcherServlet.doService(DispatcherServlet.java:963)
	at org.springframework.web.servlet.FrameworkServlet.processRequest(FrameworkServlet.java:1006)
	at org.springframework.web.servlet.FrameworkServlet.doPost(FrameworkServlet.java:909)
	at javax.servlet.http.HttpServlet.service(HttpServlet.java:681)
	at org.springframework.web.servlet.FrameworkServlet.service(FrameworkServlet.java:883)
	at javax.servlet.http.HttpServlet.service(HttpServlet.java:764)
	at org.apache.catalina.core.ApplicationFilterChain.internalDoFilter(ApplicationFilterChain.java:227)
	at org.apache.catalina.core.ApplicationFilterChain.doFilter(ApplicationFilterChain.java:162)
	at org.apache.tomcat.websocket.server.WsFilter.doFilter(WsFilter.java:53)
	at org.apache.catalina.core.ApplicationFilterChain.internalDoFilter(ApplicationFilterChain.java:189)
	at org.apache.catalina.core.ApplicationFilterChain.doFilter(ApplicationFilterChain.java:162)
	at com.github.xiaoymin.knife4j.spring.filter.SecurityBasicAuthFilter.doFilter(SecurityBasicAuthFilter.java:87)
	at org.apache.catalina.core.ApplicationFilterChain.internalDoFilter(ApplicationFilterChain.java:189)
	at org.apache.catalina.core.ApplicationFilterChain.doFilter(ApplicationFilterChain.java:162)
	at org.springframework.web.filter.RequestContextFilter.doFilterInternal(RequestContextFilter.java:100)
	at org.springframework.web.filter.OncePerRequestFilter.doFilter(OncePerRequestFilter.java:117)
	at org.apache.catalina.core.ApplicationFilterChain.internalDoFilter(ApplicationFilterChain.java:189)
	at org.apache.catalina.core.ApplicationFilterChain.doFilter(ApplicationFilterChain.java:162)
	at org.springframework.web.filter.FormContentFilter.doFilterInternal(FormContentFilter.java:93)
	at org.springframework.web.filter.OncePerRequestFilter.doFilter(OncePerRequestFilter.java:117)
	at org.apache.catalina.core.ApplicationFilterChain.internalDoFilter(ApplicationFilterChain.java:189)
	at org.apache.catalina.core.ApplicationFilterChain.doFilter(ApplicationFilterChain.java:162)
	at org.springframework.web.filter.CharacterEncodingFilter.doFilterInternal(CharacterEncodingFilter.java:201)
	at org.springframework.web.filter.OncePerRequestFilter.doFilter(OncePerRequestFilter.java:117)
	at org.apache.catalina.core.ApplicationFilterChain.internalDoFilter(ApplicationFilterChain.java:189)
	at org.apache.catalina.core.ApplicationFilterChain.doFilter(ApplicationFilterChain.java:162)
	at org.apache.catalina.core.StandardWrapperValve.invoke(StandardWrapperValve.java:197)
	at org.apache.catalina.core.StandardContextValve.invoke(StandardContextValve.java:97)
	at org.apache.catalina.authenticator.AuthenticatorBase.invoke(AuthenticatorBase.java:541)
	at org.apache.catalina.core.StandardHostValve.invoke(StandardHostValve.java:135)
	at org.apache.catalina.valves.ErrorReportValve.invoke(ErrorReportValve.java:92)
	at org.apache.catalina.core.StandardEngineValve.invoke(StandardEngineValve.java:78)
	at org.apache.catalina.connector.CoyoteAdapter.service(CoyoteAdapter.java:360)
	at org.apache.coyote.http11.Http11Processor.service(Http11Processor.java:399)
	at org.apache.coyote.AbstractProcessorLight.process(AbstractProcessorLight.java:65)
	at org.apache.coyote.AbstractProtocol$ConnectionHandler.process(AbstractProtocol.java:889)
	at org.apache.tomcat.util.net.NioEndpoint$SocketProcessor.doRun(NioEndpoint.java:1743)
	at org.apache.tomcat.util.net.SocketProcessorBase.run(SocketProcessorBase.java:49)
	at org.apache.tomcat.util.threads.ThreadPoolExecutor.runWorker(ThreadPoolExecutor.java:1191)
	at org.apache.tomcat.util.threads.ThreadPoolExecutor$Worker.run(ThreadPoolExecutor.java:659)
	at org.apache.tomcat.util.threads.TaskThread$WrappingRunnable.run(TaskThread.java:61)
	at java.base/java.lang.Thread.run(Thread.java:834)
2023-12-19 11:11:40,266 INFO [http-nio-8001-exec-8][HikariDataSource.java:110] - HikariPool-1 - Starting...
2023-12-19 11:11:40,266 INFO [http-nio-8001-exec-8][HikariDataSource.java:110] - HikariPool-1 - Starting...
2023-12-19 11:11:40,368 INFO [http-nio-8001-exec-8][HikariDataSource.java:123] - HikariPool-1 - Start completed.
2023-12-19 11:11:40,368 INFO [http-nio-8001-exec-8][HikariDataSource.java:123] - HikariPool-1 - Start completed.
